2026-04-08 05:43:19,560 - MainThread - vulcan.core.state_sync.common - INFO - Cleaned up 0 expired snapshots (janitor.py:181)
2026-04-08 05:43:19,581 - MainThread - vulcan.core.state_sync.db.interval - INFO - Compacting 0 intervals for 0 snapshots (interval.py:130)
2026-04-08 05:43:19,984 - ThreadPoolExecutor-0_0 - vulcan.core.snapshot.evaluator - INFO - Listing data objects in schema DEMO_DB.vulcan__SALES (evaluator.py:1616)
2026-04-08 05:43:19,986 - ThreadPoolExecutor-0_0 - snowflake.connector.connection - INFO - Snowflake Connector for Python Version: 3.14.0, Python Version: 3.10.20, Platform: Linux-6.17.0-19-generic-x86_64-with-glibc2.41 (connection.py:423)
2026-04-08 05:43:19,987 - ThreadPoolExecutor-0_1 - vulcan.core.snapshot.evaluator - INFO - Listing data objects in schema DEMO_DB.vulcan__STAGING (evaluator.py:1616)
2026-04-08 05:43:19,988 - ThreadPoolExecutor-0_0 - snowflake.connector.connection - INFO - Connecting to GLOBAL Snowflake domain (connection.py:1226)
2026-04-08 05:43:19,990 - ThreadPoolExecutor-0_0 - snowflake.connector.connection - INFO - This connection is in OCSP Fail Open Mode. TLS Certificates would be checked for validity and revocation status. Any other Certificate Revocation related exceptions or OCSP Responder failures would be disregarded in favor of connectivity. (connection.py:1315)
2026-04-08 05:43:21,916 - ThreadPoolExecutor-0_0 - vulcan.core.engine_adapter.base - INFO - Executing SQL: /* VULCAN_RUN[vulcan-try-snowflake]: 7722816093734c988093594c4fa6cfe5 */ SELECT CURRENT_DATABASE() (base.py:2758)
2026-04-08 05:43:21,916 - ThreadPoolExecutor-0_1 - snowflake.connector.connection - INFO - Snowflake Connector for Python Version: 3.14.0, Python Version: 3.10.20, Platform: Linux-6.17.0-19-generic-x86_64-with-glibc2.41 (connection.py:423)
2026-04-08 05:43:21,917 - ThreadPoolExecutor-0_1 - snowflake.connector.connection - INFO - Connecting to GLOBAL Snowflake domain (connection.py:1226)
2026-04-08 05:43:21,917 - ThreadPoolExecutor-0_1 - snowflake.connector.connection - INFO - This connection is in OCSP Fail Open Mode. TLS Certificates would be checked for validity and revocation status. Any other Certificate Revocation related exceptions or OCSP Responder failures would be disregarded in favor of connectivity. (connection.py:1315)
2026-04-08 05:43:22,162 - ThreadPoolExecutor-0_1 - vulcan.core.engine_adapter.base - INFO - Executing SQL: /* VULCAN_RUN[vulcan-try-snowflake]: 7722816093734c988093594c4fa6cfe5 */ SELECT CURRENT_DATABASE() (base.py:2758)
2026-04-08 05:43:22,625 - ThreadPoolExecutor-0_0 - vulcan.core.engine_adapter.base - INFO - Executing SQL: /* VULCAN_RUN[vulcan-try-snowflake]: 7722816093734c988093594c4fa6cfe5 */ SELECT CURRENT_DATABASE() (base.py:2758)
2026-04-08 05:43:22,710 - ThreadPoolExecutor-0_1 - vulcan.core.engine_adapter.base - INFO - Executing SQL: /* VULCAN_RUN[vulcan-try-snowflake]: 7722816093734c988093594c4fa6cfe5 */ SELECT CURRENT_DATABASE() (base.py:2758)
2026-04-08 05:43:22,821 - ThreadPoolExecutor-0_0 - vulcan.core.engine_adapter.base - INFO - Executing SQL: /* VULCAN_RUN[vulcan-try-snowflake]: 7722816093734c988093594c4fa6cfe5 */ SELECT DISTINCT "TABLE_CATALOG" AS "catalog", "TABLE_NAME" AS "name", "TABLE_SCHEMA" AS "schema_name", CASE WHEN "TABLE_TYPE" = 'BASE TABLE' AND "IS_DYNAMIC" = 'YES' THEN 'MANAGED_TABLE' WHEN "TABLE_TYPE" = 'BASE TABLE' THEN 'TABLE' WHEN "TABLE_TYPE" = 'TEMPORARY TABLE' THEN 'TABLE' WHEN "TABLE_TYPE" = 'LOCAL TEMPORARY' THEN 'TABLE' WHEN "TABLE_TYPE" = 'EXTERNAL TABLE' THEN 'TABLE' WHEN "TABLE_TYPE" = 'EVENT TABLE' THEN 'TABLE' WHEN "TABLE_TYPE" = 'VIEW' THEN 'VIEW' WHEN "TABLE_TYPE" = 'MATERIALIZED VIEW' THEN 'MATERIALIZED_VIEW' ELSE "TABLE_TYPE" END AS "type", "CLUSTERING_KEY" AS "clustering_key" FROM "DEMO_DB"."INFORMATION_SCHEMA"."TABLES" WHERE ("TABLE_SCHEMA" = 'vulcan__SALES' AND "TABLE_NAME" IN ('SALES__CUSTOMER_DAILY_METRICS__3545058217', 'SALES__CUSTOMER_SEGMENTS__2907520004', 'SALES__DAILY_EVENTS__3402223948')) AND NOT "TABLE_NAME" LIKE 'SNOWPARK_TEMP_TABLE%' (base.py:2758)
2026-04-08 05:43:22,871 - ThreadPoolExecutor-0_1 - vulcan.core.engine_adapter.base - INFO - Executing SQL: /* VULCAN_RUN[vulcan-try-snowflake]: 7722816093734c988093594c4fa6cfe5 */ SELECT DISTINCT "TABLE_CATALOG" AS "catalog", "TABLE_NAME" AS "name", "TABLE_SCHEMA" AS "schema_name", CASE WHEN "TABLE_TYPE" = 'BASE TABLE' AND "IS_DYNAMIC" = 'YES' THEN 'MANAGED_TABLE' WHEN "TABLE_TYPE" = 'BASE TABLE' THEN 'TABLE' WHEN "TABLE_TYPE" = 'TEMPORARY TABLE' THEN 'TABLE' WHEN "TABLE_TYPE" = 'LOCAL TEMPORARY' THEN 'TABLE' WHEN "TABLE_TYPE" = 'EXTERNAL TABLE' THEN 'TABLE' WHEN "TABLE_TYPE" = 'EVENT TABLE' THEN 'TABLE' WHEN "TABLE_TYPE" = 'VIEW' THEN 'VIEW' WHEN "TABLE_TYPE" = 'MATERIALIZED VIEW' THEN 'MATERIALIZED_VIEW' ELSE "TABLE_TYPE" END AS "type", "CLUSTERING_KEY" AS "clustering_key" FROM "DEMO_DB"."INFORMATION_SCHEMA"."TABLES" WHERE ("TABLE_SCHEMA" = 'vulcan__STAGING' AND "TABLE_NAME" IN ('STAGING__STG_ORDERS__1128747320')) AND NOT "TABLE_NAME" LIKE 'SNOWPARK_TEMP_TABLE%' (base.py:2758)
2026-04-08 05:43:24,045 - ThreadPoolExecutor-0_1 - vulcan.core.snapshot.evaluator - INFO - Listing data objects in schema DEMO_DB.vulcan__MART (evaluator.py:1616)
2026-04-08 05:43:24,048 - ThreadPoolExecutor-0_1 - vulcan.core.engine_adapter.base - INFO - Executing SQL: /* VULCAN_RUN[vulcan-try-snowflake]: 7722816093734c988093594c4fa6cfe5 */ SELECT CURRENT_DATABASE() (base.py:2758)
2026-04-08 05:43:24,054 - ThreadPoolExecutor-0_0 - vulcan.core.snapshot.evaluator - INFO - Listing data objects in schema DEMO_DB.vulcan__RAW (evaluator.py:1616)
2026-04-08 05:43:24,059 - ThreadPoolExecutor-0_0 - vulcan.core.engine_adapter.base - INFO - Executing SQL: /* VULCAN_RUN[vulcan-try-snowflake]: 7722816093734c988093594c4fa6cfe5 */ SELECT CURRENT_DATABASE() (base.py:2758)
2026-04-08 05:43:24,188 - ThreadPoolExecutor-0_0 - vulcan.core.engine_adapter.base - INFO - Executing SQL: /* VULCAN_RUN[vulcan-try-snowflake]: 7722816093734c988093594c4fa6cfe5 */ SELECT CURRENT_DATABASE() (base.py:2758)
2026-04-08 05:43:24,197 - ThreadPoolExecutor-0_1 - vulcan.core.engine_adapter.base - INFO - Executing SQL: /* VULCAN_RUN[vulcan-try-snowflake]: 7722816093734c988093594c4fa6cfe5 */ SELECT CURRENT_DATABASE() (base.py:2758)
2026-04-08 05:43:24,324 - ThreadPoolExecutor-0_1 - vulcan.core.engine_adapter.base - INFO - Executing SQL: /* VULCAN_RUN[vulcan-try-snowflake]: 7722816093734c988093594c4fa6cfe5 */ SELECT DISTINCT "TABLE_CATALOG" AS "catalog", "TABLE_NAME" AS "name", "TABLE_SCHEMA" AS "schema_name", CASE WHEN "TABLE_TYPE" = 'BASE TABLE' AND "IS_DYNAMIC" = 'YES' THEN 'MANAGED_TABLE' WHEN "TABLE_TYPE" = 'BASE TABLE' THEN 'TABLE' WHEN "TABLE_TYPE" = 'TEMPORARY TABLE' THEN 'TABLE' WHEN "TABLE_TYPE" = 'LOCAL TEMPORARY' THEN 'TABLE' WHEN "TABLE_TYPE" = 'EXTERNAL TABLE' THEN 'TABLE' WHEN "TABLE_TYPE" = 'EVENT TABLE' THEN 'TABLE' WHEN "TABLE_TYPE" = 'VIEW' THEN 'VIEW' WHEN "TABLE_TYPE" = 'MATERIALIZED VIEW' THEN 'MATERIALIZED_VIEW' ELSE "TABLE_TYPE" END AS "type", "CLUSTERING_KEY" AS "clustering_key" FROM "DEMO_DB"."INFORMATION_SCHEMA"."TABLES" WHERE ("TABLE_SCHEMA" = 'vulcan__MART' AND "TABLE_NAME" IN ('MART__FEATURES__1580430111', 'MART__FCT_EVENTS__1862855635')) AND NOT "TABLE_NAME" LIKE 'SNOWPARK_TEMP_TABLE%' (base.py:2758)
2026-04-08 05:43:24,359 - ThreadPoolExecutor-0_0 - vulcan.core.engine_adapter.base - INFO - Executing SQL: /* VULCAN_RUN[vulcan-try-snowflake]: 7722816093734c988093594c4fa6cfe5 */ SELECT DISTINCT "TABLE_CATALOG" AS "catalog", "TABLE_NAME" AS "name", "TABLE_SCHEMA" AS "schema_name", CASE WHEN "TABLE_TYPE" = 'BASE TABLE' AND "IS_DYNAMIC" = 'YES' THEN 'MANAGED_TABLE' WHEN "TABLE_TYPE" = 'BASE TABLE' THEN 'TABLE' WHEN "TABLE_TYPE" = 'TEMPORARY TABLE' THEN 'TABLE' WHEN "TABLE_TYPE" = 'LOCAL TEMPORARY' THEN 'TABLE' WHEN "TABLE_TYPE" = 'EXTERNAL TABLE' THEN 'TABLE' WHEN "TABLE_TYPE" = 'EVENT TABLE' THEN 'TABLE' WHEN "TABLE_TYPE" = 'VIEW' THEN 'VIEW' WHEN "TABLE_TYPE" = 'MATERIALIZED VIEW' THEN 'MATERIALIZED_VIEW' ELSE "TABLE_TYPE" END AS "type", "CLUSTERING_KEY" AS "clustering_key" FROM "DEMO_DB"."INFORMATION_SCHEMA"."TABLES" WHERE ("TABLE_SCHEMA" = 'vulcan__RAW' AND "TABLE_NAME" IN ('RAW__RAW_ORDERS__2638981337')) AND NOT "TABLE_NAME" LIKE 'SNOWPARK_TEMP_TABLE%' (base.py:2758)
2026-04-08 05:43:25,154 - ThreadPoolExecutor-0_1 - vulcan.core.snapshot.evaluator - INFO - Listing data objects in schema DEMO_DB.vulcan__VULCAN_EXAMPLE (evaluator.py:1616)
2026-04-08 05:43:25,157 - ThreadPoolExecutor-0_1 - vulcan.core.engine_adapter.base - INFO - Executing SQL: /* VULCAN_RUN[vulcan-try-snowflake]: 7722816093734c988093594c4fa6cfe5 */ SELECT CURRENT_DATABASE() (base.py:2758)
2026-04-08 05:43:25,302 - ThreadPoolExecutor-0_1 - vulcan.core.engine_adapter.base - INFO - Executing SQL: /* VULCAN_RUN[vulcan-try-snowflake]: 7722816093734c988093594c4fa6cfe5 */ SELECT CURRENT_DATABASE() (base.py:2758)
2026-04-08 05:43:25,444 - ThreadPoolExecutor-0_1 - vulcan.core.engine_adapter.base - INFO - Executing SQL: /* VULCAN_RUN[vulcan-try-snowflake]: 7722816093734c988093594c4fa6cfe5 */ SELECT DISTINCT "TABLE_CATALOG" AS "catalog", "TABLE_NAME" AS "name", "TABLE_SCHEMA" AS "schema_name", CASE WHEN "TABLE_TYPE" = 'BASE TABLE' AND "IS_DYNAMIC" = 'YES' THEN 'MANAGED_TABLE' WHEN "TABLE_TYPE" = 'BASE TABLE' THEN 'TABLE' WHEN "TABLE_TYPE" = 'TEMPORARY TABLE' THEN 'TABLE' WHEN "TABLE_TYPE" = 'LOCAL TEMPORARY' THEN 'TABLE' WHEN "TABLE_TYPE" = 'EXTERNAL TABLE' THEN 'TABLE' WHEN "TABLE_TYPE" = 'EVENT TABLE' THEN 'TABLE' WHEN "TABLE_TYPE" = 'VIEW' THEN 'VIEW' WHEN "TABLE_TYPE" = 'MATERIALIZED VIEW' THEN 'MATERIALIZED_VIEW' ELSE "TABLE_TYPE" END AS "type", "CLUSTERING_KEY" AS "clustering_key" FROM "DEMO_DB"."INFORMATION_SCHEMA"."TABLES" WHERE ("TABLE_SCHEMA" = 'vulcan__VULCAN_EXAMPLE' AND "TABLE_NAME" IN ('VULCAN_EXAMPLE__PYTHON_NEW_MODEL__1443832239', 'VULCAN_EXAMPLE__PYTHON_CUSTOMER_SEGMENT_SUMMARY__3504832722', 'VULCAN_EXAMPLE__PYTHON_SPCS_JOB_MODEL__1808894284', 'VULCAN_EXAMPLE__PYTHON_CHURN_MODEL__3563150728', 'VULCAN_EXAMPLE__PYTHON_CUSTOMER_HEALTH_MODEL__3389998001')) AND NOT "TABLE_NAME" LIKE 'SNOWPARK_TEMP_TABLE%' (base.py:2758)
2026-04-08 05:43:26,756 - MainThread - snowflake.connector.connection - INFO - closed (connection.py:810)
2026-04-08 05:43:26,813 - MainThread - snowflake.connector.connection - INFO - No async queries seem to be running, deleting session (connection.py:816)
2026-04-08 05:43:26,848 - MainThread - snowflake.connector.connection - INFO - closed (connection.py:810)
2026-04-08 05:43:26,896 - MainThread - snowflake.connector.connection - INFO - No async queries seem to be running, deleting session (connection.py:816)
2026-04-08 05:43:26,968 - ThreadPoolExecutor-16_0 - vulcan.core.snapshot.evaluator - INFO - Evaluating snapshot SnapshotId<"DEMO_DB"."MART"."FCT_EVENTS": 2958773952> (evaluator.py:711)
2026-04-08 05:43:26,971 - ThreadPoolExecutor-16_1 - vulcan.core.snapshot.evaluator - INFO - Evaluating snapshot SnapshotId<"DEMO_DB"."RAW"."RAW_ORDERS": 871268637> (evaluator.py:711)
2026-04-08 05:43:26,972 - ThreadPoolExecutor-16_0 - snowflake.connector.connection - INFO - Snowflake Connector for Python Version: 3.14.0, Python Version: 3.10.20, Platform: Linux-6.17.0-19-generic-x86_64-with-glibc2.41 (connection.py:423)
2026-04-08 05:43:26,974 - ThreadPoolExecutor-16_0 - snowflake.connector.connection - INFO - Connecting to GLOBAL Snowflake domain (connection.py:1226)
2026-04-08 05:43:26,975 - ThreadPoolExecutor-16_0 - snowflake.connector.connection - INFO - This connection is in OCSP Fail Open Mode. TLS Certificates would be checked for validity and revocation status. Any other Certificate Revocation related exceptions or OCSP Responder failures would be disregarded in favor of connectivity. (connection.py:1315)
2026-04-08 05:43:27,449 - ThreadPoolExecutor-16_1 - snowflake.connector.connection - INFO - Snowflake Connector for Python Version: 3.14.0, Python Version: 3.10.20, Platform: Linux-6.17.0-19-generic-x86_64-with-glibc2.41 (connection.py:423)
2026-04-08 05:43:27,450 - ThreadPoolExecutor-16_1 - snowflake.connector.connection - INFO - Connecting to GLOBAL Snowflake domain (connection.py:1226)
2026-04-08 05:43:27,450 - ThreadPoolExecutor-16_1 - snowflake.connector.connection - INFO - This connection is in OCSP Fail Open Mode. TLS Certificates would be checked for validity and revocation status. Any other Certificate Revocation related exceptions or OCSP Responder failures would be disregarded in favor of connectivity. (connection.py:1315)
2026-04-08 05:43:28,542 - ThreadPoolExecutor-16_0 - vulcan.core.snapshot.evaluator - INFO - Inserting data for snapshot SnapshotId<"DEMO_DB"."MART"."FCT_EVENTS": 2958773952> (evaluator.py:952)
2026-04-08 05:43:28,551 - ThreadPoolExecutor-16_1 - vulcan.core.snapshot.evaluator - INFO - Inserting data for snapshot SnapshotId<"DEMO_DB"."RAW"."RAW_ORDERS": 871268637> (evaluator.py:952)
2026-04-08 05:43:28,584 - ThreadPoolExecutor-16_0 - vulcan.core.snapshot.evaluator - INFO - Inserting batch (2026-04-07 00:00:00, 2026-04-08 00:00:00) into DEMO_DB.vulcan__MART.MART__FCT_EVENTS__1862855635' (evaluator.py:984)
2026-04-08 05:43:28,589 - ThreadPoolExecutor-16_1 - vulcan.core.snapshot.evaluator - INFO - Inserting batch (2026-04-07 00:00:00, 2026-04-08 00:00:00) into DEMO_DB.vulcan__RAW.RAW__RAW_ORDERS__2638981337' (evaluator.py:984)
2026-04-08 05:43:28,601 - ThreadPoolExecutor-16_1 - vulcan.core.snapshot.evaluator - INFO - Replacing view 'DEMO_DB.vulcan__RAW.RAW__RAW_ORDERS__2638981337' (evaluator.py:2676)
2026-04-08 05:43:28,622 - ThreadPoolExecutor-16_1 - vulcan.core.engine_adapter.base - INFO - Executing SQL: /* VULCAN_RUN[vulcan-try-snowflake]: 7722816093734c988093594c4fa6cfe5 */ CREATE OR REPLACE VIEW "DEMO_DB"."vulcan__RAW"."RAW__RAW_ORDERS__2638981337" ("O_ORDERKEY", "O_CUSTKEY", "O_ORDERDATE", "O_TOTALPRICE") COPY GRANTS AS SELECT "O_ORDERKEY" AS "O_ORDERKEY", "O_CUSTKEY" AS "O_CUSTKEY", "O_ORDERDATE" AS "O_ORDERDATE", "O_TOTALPRICE" AS "O_TOTALPRICE" FROM "SNOWFLAKE_SAMPLE_DATA"."TPCH_SF1"."ORDERS" AS "ORDERS" (base.py:2758)
2026-04-08 05:43:28,622 - ThreadPoolExecutor-16_0 - vulcan.core.engine_adapter.base - INFO - Executing SQL: /* VULCAN_RUN[vulcan-try-snowflake]: 7722816093734c988093594c4fa6cfe5 */ CREATE OR REPLACE TABLE "DEMO_DB"."vulcan__MART"."MART__FCT_EVENTS__1862855635" COMMENT='Event aggregates by date and item for semantic layer' AS SELECT CAST("EVENT_DATE" AS DATE) AS "EVENT_DATE", CAST("ITEM_ID" AS BIGINT) AS "ITEM_ID", CAST("TOTAL_EVENTS" AS BIGINT) AS "TOTAL_EVENTS" FROM (SELECT "O"."O_ORDERDATE" AS "EVENT_DATE", "L"."L_PARTKEY" AS "ITEM_ID", COUNT(*) AS "TOTAL_EVENTS" FROM "SNOWFLAKE_SAMPLE_DATA"."TPCH_SF1"."ORDERS" AS "O" JOIN "SNOWFLAKE_SAMPLE_DATA"."TPCH_SF1"."LINEITEM" AS "L" ON "O"."O_ORDERKEY" = "L"."L_ORDERKEY" GROUP BY 1, 2) AS "_subquery" (base.py:2758)
2026-04-08 05:43:29,604 - ThreadPoolExecutor-16_1 - vulcan.core.state_sync.db.facade - INFO - Adding interval (2026-04-07 00:00:00, 2026-04-08 00:00:00) for snapshot SnapshotId<"DEMO_DB"."RAW"."RAW_ORDERS": 871268637> (facade.py:784)
2026-04-08 05:43:29,605 - ThreadPoolExecutor-16_1 - vulcan.core.state_sync.db.interval - INFO - Pushing intervals for snapshot SnapshotId<"DEMO_DB"."RAW"."RAW_ORDERS": 871268637> (interval.py:215)
2026-04-08 05:43:29,670 - ThreadPoolExecutor-16_1 - vulcan.core.snapshot.evaluator - INFO - Evaluating snapshot SnapshotId<"DEMO_DB"."SALES"."DAILY_EVENTS": 3249090494> (evaluator.py:711)
2026-04-08 05:43:29,739 - ThreadPoolExecutor-16_1 - vulcan.core.snapshot.evaluator - INFO - Inserting data for snapshot SnapshotId<"DEMO_DB"."SALES"."DAILY_EVENTS": 3249090494> (evaluator.py:952)
2026-04-08 05:43:29,781 - ThreadPoolExecutor-16_1 - vulcan.core.snapshot.evaluator - INFO - Inserting batch (2026-04-07 00:00:00, 2026-04-08 00:00:00) into DEMO_DB.vulcan__SALES.SALES__DAILY_EVENTS__3402223948' (evaluator.py:984)
2026-04-08 05:43:29,785 - ThreadPoolExecutor-16_1 - vulcan.core.engine_adapter.base - INFO - Executing SQL: /* VULCAN_RUN[vulcan-try-snowflake]: 7722816093734c988093594c4fa6cfe5 */ DESCRIBE TABLE "DEMO_DB"."vulcan__SALES"."SALES__DAILY_EVENTS__3402223948" (base.py:2758)
2026-04-08 05:43:29,882 - ThreadPoolExecutor-16_1 - vulcan.core.engine_adapter.base - INFO - Executing SQL: /* VULCAN_RUN[vulcan-try-snowflake]: 7722816093734c988093594c4fa6cfe5 */ DELETE FROM "DEMO_DB"."vulcan__SALES"."SALES__DAILY_EVENTS__3402223948" WHERE "EVENT_DATE" BETWEEN CAST('2026-04-07' AS DATE) AND CAST('2026-04-07' AS DATE) (base.py:2758)
2026-04-08 05:43:30,221 - ThreadPoolExecutor-16_1 - vulcan.core.engine_adapter.base - INFO - Executing SQL: /* VULCAN_RUN[vulcan-try-snowflake]: 7722816093734c988093594c4fa6cfe5 */ INSERT INTO "DEMO_DB"."vulcan__SALES"."SALES__DAILY_EVENTS__3402223948" ("EVENT_DATE", "TOTAL_EVENTS", "UNIQUE_ITEMS") SELECT "EVENT_DATE", "TOTAL_EVENTS", "UNIQUE_ITEMS" FROM (SELECT "RAW_ORDERS"."O_ORDERDATE" AS "EVENT_DATE", COUNT("RAW_ORDERS"."O_ORDERKEY") AS "TOTAL_EVENTS", COUNT(DISTINCT "RAW_ORDERS"."O_CUSTKEY") AS "UNIQUE_ITEMS" FROM "DEMO_DB"."vulcan__RAW"."RAW__RAW_ORDERS__2638981337" AS "RAW_ORDERS" WHERE "RAW_ORDERS"."O_ORDERDATE" <= '2026-04-07' AND "RAW_ORDERS"."O_ORDERDATE" >= '2026-04-07' GROUP BY "RAW_ORDERS"."O_ORDERDATE" ORDER BY "EVENT_DATE") AS "_subquery" WHERE "EVENT_DATE" BETWEEN CAST('2026-04-07' AS DATE) AND CAST('2026-04-07' AS DATE) (base.py:2758)
2026-04-08 05:43:30,395 - ThreadPoolExecutor-16_0 - vulcan.core.state_sync.db.facade - INFO - Adding interval (2026-04-07 00:00:00, 2026-04-08 00:00:00) for snapshot SnapshotId<"DEMO_DB"."MART"."FCT_EVENTS": 2958773952> (facade.py:784)
2026-04-08 05:43:30,397 - ThreadPoolExecutor-16_0 - vulcan.core.state_sync.db.interval - INFO - Pushing intervals for snapshot SnapshotId<"DEMO_DB"."MART"."FCT_EVENTS": 2958773952> (interval.py:215)
2026-04-08 05:43:30,449 - ThreadPoolExecutor-16_0 - vulcan.core.snapshot.evaluator - INFO - Evaluating snapshot SnapshotId<"DEMO_DB"."STAGING"."STG_ORDERS": 2273608243> (evaluator.py:711)
2026-04-08 05:43:30,522 - ThreadPoolExecutor-16_0 - vulcan.core.snapshot.evaluator - INFO - Inserting data for snapshot SnapshotId<"DEMO_DB"."STAGING"."STG_ORDERS": 2273608243> (evaluator.py:952)
2026-04-08 05:43:30,548 - ThreadPoolExecutor-16_0 - vulcan.core.snapshot.evaluator - INFO - Inserting batch (2026-04-07 00:00:00, 2026-04-08 00:00:00) into DEMO_DB.vulcan__STAGING.STAGING__STG_ORDERS__1128747320' (evaluator.py:984)
2026-04-08 05:43:30,550 - ThreadPoolExecutor-16_0 - vulcan.core.snapshot.evaluator - INFO - Replacing view 'DEMO_DB.vulcan__STAGING.STAGING__STG_ORDERS__1128747320' (evaluator.py:2676)
2026-04-08 05:43:30,566 - ThreadPoolExecutor-16_0 - vulcan.core.engine_adapter.base - INFO - Executing SQL: /* VULCAN_RUN[vulcan-try-snowflake]: 7722816093734c988093594c4fa6cfe5 */ CREATE OR REPLACE VIEW "DEMO_DB"."vulcan__STAGING"."STAGING__STG_ORDERS__1128747320" ("O_ORDERKEY", "O_CUSTKEY", "O_ORDERDATE", "O_TOTALPRICE", "TOTAL_EVENTS") COPY GRANTS AS SELECT "RAW_ORDERS"."O_ORDERKEY" AS "O_ORDERKEY", "RAW_ORDERS"."O_CUSTKEY" AS "O_CUSTKEY", "RAW_ORDERS"."O_ORDERDATE" AS "O_ORDERDATE", "RAW_ORDERS"."O_TOTALPRICE" AS "O_TOTALPRICE", 1 AS "TOTAL_EVENTS" FROM "DEMO_DB"."vulcan__RAW"."RAW__RAW_ORDERS__2638981337" AS "RAW_ORDERS" (base.py:2758)
2026-04-08 05:43:30,961 - ThreadPoolExecutor-16_0 - vulcan.core.state_sync.db.facade - INFO - Adding interval (2026-04-07 00:00:00, 2026-04-08 00:00:00) for snapshot SnapshotId<"DEMO_DB"."STAGING"."STG_ORDERS": 2273608243> (facade.py:784)
2026-04-08 05:43:30,963 - ThreadPoolExecutor-16_0 - vulcan.core.state_sync.db.interval - INFO - Pushing intervals for snapshot SnapshotId<"DEMO_DB"."STAGING"."STG_ORDERS": 2273608243> (interval.py:215)
2026-04-08 05:43:30,990 - ThreadPoolExecutor-16_1 - vulcan.core.state_sync.db.facade - INFO - Adding interval (2026-04-07 00:00:00, 2026-04-08 00:00:00) for snapshot SnapshotId<"DEMO_DB"."SALES"."DAILY_EVENTS": 3249090494> (facade.py:784)
2026-04-08 05:43:30,991 - ThreadPoolExecutor-16_1 - vulcan.core.state_sync.db.interval - INFO - Pushing intervals for snapshot SnapshotId<"DEMO_DB"."SALES"."DAILY_EVENTS": 3249090494> (interval.py:215)
2026-04-08 05:43:31,052 - ThreadPoolExecutor-16_0 - vulcan.core.snapshot.evaluator - INFO - Evaluating snapshot SnapshotId<"DEMO_DB"."MART"."FEATURES": 943139821> (evaluator.py:711)
2026-04-08 05:43:31,134 - ThreadPoolExecutor-16_0 - vulcan.core.snapshot.evaluator - INFO - Inserting data for snapshot SnapshotId<"DEMO_DB"."MART"."FEATURES": 943139821> (evaluator.py:952)
2026-04-08 05:43:31,159 - ThreadPoolExecutor-16_0 - vulcan.core.snapshot.evaluator - INFO - Inserting batch (2026-04-07 00:00:00, 2026-04-08 00:00:00) into DEMO_DB.vulcan__MART.MART__FEATURES__1580430111' (evaluator.py:984)
2026-04-08 05:43:31,162 - ThreadPoolExecutor-16_0 - vulcan.core.engine_adapter.base - INFO - Executing SQL: /* VULCAN_RUN[vulcan-try-snowflake]: 7722816093734c988093594c4fa6cfe5 */ DESCRIBE TABLE "DEMO_DB"."vulcan__MART"."MART__FEATURES__1580430111" (base.py:2758)
2026-04-08 05:43:31,270 - ThreadPoolExecutor-16_0 - vulcan.core.engine_adapter.base - INFO - Executing SQL: /* VULCAN_RUN[vulcan-try-snowflake]: 7722816093734c988093594c4fa6cfe5 */ CREATE OR REPLACE TABLE "DEMO_DB"."vulcan__MART"."MART__FEATURES__1580430111" AS SELECT CAST("O_CUSTKEY" AS DECIMAL(38, 0)) AS "O_CUSTKEY", CAST("TOTAL_ORDERS" AS DECIMAL(18, 0)) AS "TOTAL_ORDERS", CAST("AVG_ORDER_VALUE" AS DECIMAL(30, 8)) AS "AVG_ORDER_VALUE", CAST("TOTAL_SPENT" AS DECIMAL(24, 2)) AS "TOTAL_SPENT" FROM (SELECT "STG_ORDERS"."O_CUSTKEY" AS "O_CUSTKEY", COUNT(*) AS "TOTAL_ORDERS", AVG("STG_ORDERS"."O_TOTALPRICE") AS "AVG_ORDER_VALUE", SUM("STG_ORDERS"."O_TOTALPRICE") AS "TOTAL_SPENT" FROM "DEMO_DB"."vulcan__STAGING"."STAGING__STG_ORDERS__1128747320" AS "STG_ORDERS" GROUP BY "STG_ORDERS"."O_CUSTKEY") AS "_subquery" (base.py:2758)
2026-04-08 05:43:32,986 - ThreadPoolExecutor-16_0 - vulcan.core.state_sync.db.facade - INFO - Adding interval (2026-04-07 00:00:00, 2026-04-08 00:00:00) for snapshot SnapshotId<"DEMO_DB"."MART"."FEATURES": 943139821> (facade.py:784)
2026-04-08 05:43:32,986 - ThreadPoolExecutor-16_0 - vulcan.core.state_sync.db.interval - INFO - Pushing intervals for snapshot SnapshotId<"DEMO_DB"."MART"."FEATURES": 943139821> (interval.py:215)
2026-04-08 05:43:33,030 - ThreadPoolExecutor-16_0 - vulcan.core.snapshot.evaluator - INFO - Evaluating snapshot SnapshotId<"DEMO_DB"."SALES"."CUSTOMER_SEGMENTS": 2934342566> (evaluator.py:711)
2026-04-08 05:43:33,034 - ThreadPoolExecutor-16_1 - vulcan.core.snapshot.evaluator - INFO - Evaluating snapshot SnapshotId<"DEMO_DB"."VULCAN_EXAMPLE"."PYTHON_CHURN_MODEL": 3106827286> (evaluator.py:711)
2026-04-08 05:43:33,122 - ThreadPoolExecutor-16_1 - vulcan.core.snapshot.evaluator - INFO - Inserting data for snapshot SnapshotId<"DEMO_DB"."VULCAN_EXAMPLE"."PYTHON_CHURN_MODEL": 3106827286> (evaluator.py:952)
2026-04-08 05:43:33,134 - ThreadPoolExecutor-16_1 - vulcan.core.engine_adapter.base - INFO - Executing SQL: /* VULCAN_RUN[vulcan-try-snowflake]: 7722816093734c988093594c4fa6cfe5 */ 
        SELECT
            O_CUSTKEY,
            TOTAL_ORDERS,
            AVG_ORDER_VALUE,
            TOTAL_SPENT
        FROM "DEMO_DB"."vulcan__MART"."MART__FEATURES__1580430111"
     (base.py:2758)
2026-04-08 05:43:33,150 - ThreadPoolExecutor-16_0 - vulcan.core.snapshot.evaluator - INFO - Inserting data for snapshot SnapshotId<"DEMO_DB"."SALES"."CUSTOMER_SEGMENTS": 2934342566> (evaluator.py:952)
2026-04-08 05:43:33,221 - ThreadPoolExecutor-16_0 - vulcan.core.snapshot.evaluator - INFO - Inserting batch (2026-04-07 00:00:00, 2026-04-08 00:00:00) into DEMO_DB.vulcan__SALES.SALES__CUSTOMER_SEGMENTS__2907520004' (evaluator.py:984)
2026-04-08 05:43:33,225 - ThreadPoolExecutor-16_0 - vulcan.core.engine_adapter.base - INFO - Executing SQL: /* VULCAN_RUN[vulcan-try-snowflake]: 7722816093734c988093594c4fa6cfe5 */ DESCRIBE TABLE "DEMO_DB"."vulcan__SALES"."SALES__CUSTOMER_SEGMENTS__2907520004" (base.py:2758)
2026-04-08 05:43:33,358 - ThreadPoolExecutor-16_0 - vulcan.core.engine_adapter.base - INFO - Executing SQL: /* VULCAN_RUN[vulcan-try-snowflake]: 7722816093734c988093594c4fa6cfe5 */ CREATE OR REPLACE TABLE "DEMO_DB"."vulcan__SALES"."SALES__CUSTOMER_SEGMENTS__2907520004" COMMENT='Customer spend and order frequency segments derived from mart.features' AS SELECT CAST("O_CUSTKEY" AS DECIMAL(38, 0)) AS "O_CUSTKEY", CAST("TOTAL_ORDERS" AS DECIMAL(18, 0)) AS "TOTAL_ORDERS", CAST("AVG_ORDER_VALUE" AS DECIMAL(30, 8)) AS "AVG_ORDER_VALUE", CAST("TOTAL_SPENT" AS DECIMAL(24, 2)) AS "TOTAL_SPENT", CAST("REVENUE_PER_ORDER" AS DECIMAL(31, 2)) AS "REVENUE_PER_ORDER", CAST("SPEND_TIER" AS VARCHAR(8)) AS "SPEND_TIER", CAST("ORDER_FREQUENCY_SEGMENT" AS VARCHAR(10)) AS "ORDER_FREQUENCY_SEGMENT" FROM (SELECT "FEATURES"."O_CUSTKEY" AS "O_CUSTKEY", "FEATURES"."TOTAL_ORDERS" AS "TOTAL_ORDERS", "FEATURES"."AVG_ORDER_VALUE" AS "AVG_ORDER_VALUE", "FEATURES"."TOTAL_SPENT" AS "TOTAL_SPENT", ROUND("FEATURES"."TOTAL_SPENT" / NULLIF("FEATURES"."TOTAL_ORDERS", 0), 2) AS "REVENUE_PER_ORDER", CASE WHEN "FEATURES"."TOTAL_SPENT" >= 100000 THEN 'PLATINUM' WHEN "FEATURES"."TOTAL_SPENT" >= 50000 THEN 'GOLD' WHEN "FEATURES"."TOTAL_SPENT" >= 10000 THEN 'SILVER' ELSE 'BRONZE' END AS "SPEND_TIER", CASE WHEN "FEATURES"."TOTAL_ORDERS" >= 50 THEN 'FREQUENT' WHEN "FEATURES"."TOTAL_ORDERS" >= 10 THEN 'ACTIVE' ELSE 'OCCASIONAL' END AS "ORDER_FREQUENCY_SEGMENT" FROM "DEMO_DB"."vulcan__MART"."MART__FEATURES__1580430111" AS "FEATURES") AS "_subquery" (base.py:2758)
2026-04-08 05:43:34,232 - ThreadPoolExecutor-16_0 - vulcan.core.state_sync.db.facade - INFO - Adding interval (2026-04-07 00:00:00, 2026-04-08 00:00:00) for snapshot SnapshotId<"DEMO_DB"."SALES"."CUSTOMER_SEGMENTS": 2934342566> (facade.py:784)
2026-04-08 05:43:34,238 - ThreadPoolExecutor-16_0 - vulcan.core.state_sync.db.interval - INFO - Pushing intervals for snapshot SnapshotId<"DEMO_DB"."SALES"."CUSTOMER_SEGMENTS": 2934342566> (interval.py:215)
2026-04-08 05:43:34,402 - ThreadPoolExecutor-16_0 - vulcan.core.snapshot.evaluator - INFO - Evaluating snapshot SnapshotId<"DEMO_DB"."VULCAN_EXAMPLE"."PYTHON_NEW_MODEL": 263956717> (evaluator.py:711)
2026-04-08 05:43:34,512 - ThreadPoolExecutor-16_0 - vulcan.core.snapshot.evaluator - INFO - Inserting data for snapshot SnapshotId<"DEMO_DB"."VULCAN_EXAMPLE"."PYTHON_NEW_MODEL": 263956717> (evaluator.py:952)
2026-04-08 05:43:34,527 - ThreadPoolExecutor-16_0 - vulcan.core.engine_adapter.base - INFO - Executing SQL: /* VULCAN_RUN[vulcan-try-snowflake]: 7722816093734c988093594c4fa6cfe5 */ 
        SELECT
            O_CUSTKEY,
            TOTAL_ORDERS,
            AVG_ORDER_VALUE,
            TOTAL_SPENT
        FROM "DEMO_DB"."vulcan__MART"."MART__FEATURES__1580430111"
     (base.py:2758)
2026-04-08 05:43:50,252 - ThreadPoolExecutor-16_1 - vulcan.core.snapshot.evaluator - INFO - Inserting batch (2026-04-07 00:00:00, 2026-04-08 00:00:00) into DEMO_DB.vulcan__VULCAN_EXAMPLE.VULCAN_EXAMPLE__PYTHON_CHURN_MODEL__3563150728' (evaluator.py:984)
2026-04-08 05:43:50,267 - ThreadPoolExecutor-16_1 - vulcan.core.engine_adapter.base - INFO - Executing SQL: /* VULCAN_RUN[vulcan-try-snowflake]: 7722816093734c988093594c4fa6cfe5 */ USE SCHEMA "DEMO_DB"."vulcan__VULCAN_EXAMPLE" (base.py:2758)
2026-04-08 05:43:50,312 - ThreadPoolExecutor-16_0 - vulcan.core.snapshot.evaluator - INFO - Inserting batch (2026-04-07 00:00:00, 2026-04-08 00:00:00) into DEMO_DB.vulcan__VULCAN_EXAMPLE.VULCAN_EXAMPLE__PYTHON_NEW_MODEL__1443832239' (evaluator.py:984)
2026-04-08 05:43:50,343 - ThreadPoolExecutor-16_0 - vulcan.core.engine_adapter.base - INFO - Executing SQL: /* VULCAN_RUN[vulcan-try-snowflake]: 7722816093734c988093594c4fa6cfe5 */ USE SCHEMA "DEMO_DB"."vulcan__VULCAN_EXAMPLE" (base.py:2758)
2026-04-08 05:43:50,471 - ThreadPoolExecutor-16_0 - vulcan.core.engine_adapter.base - INFO - Executing SQL: /* VULCAN_RUN[vulcan-try-snowflake]: 7722816093734c988093594c4fa6cfe5 */ SELECT CURRENT_DATABASE() (base.py:2758)
2026-04-08 05:43:50,596 - ThreadPoolExecutor-16_0 - vulcan.core.engine_adapter.base - INFO - Executing SQL: /* VULCAN_RUN[vulcan-try-snowflake]: 7722816093734c988093594c4fa6cfe5 */ SELECT CURRENT_DATABASE() (base.py:2758)
2026-04-08 05:43:50,764 - ThreadPoolExecutor-16_0 - vulcan.core.engine_adapter.base - INFO - Executing SQL: /* VULCAN_RUN[vulcan-try-snowflake]: 7722816093734c988093594c4fa6cfe5 */ SELECT DISTINCT "TABLE_CATALOG" AS "catalog", "TABLE_NAME" AS "name", "TABLE_SCHEMA" AS "schema_name", CASE WHEN "TABLE_TYPE" = 'BASE TABLE' AND "IS_DYNAMIC" = 'YES' THEN 'MANAGED_TABLE' WHEN "TABLE_TYPE" = 'BASE TABLE' THEN 'TABLE' WHEN "TABLE_TYPE" = 'TEMPORARY TABLE' THEN 'TABLE' WHEN "TABLE_TYPE" = 'LOCAL TEMPORARY' THEN 'TABLE' WHEN "TABLE_TYPE" = 'EXTERNAL TABLE' THEN 'TABLE' WHEN "TABLE_TYPE" = 'EVENT TABLE' THEN 'TABLE' WHEN "TABLE_TYPE" = 'VIEW' THEN 'VIEW' WHEN "TABLE_TYPE" = 'MATERIALIZED VIEW' THEN 'MATERIALIZED_VIEW' ELSE "TABLE_TYPE" END AS "type", "CLUSTERING_KEY" AS "clustering_key" FROM "DEMO_DB"."INFORMATION_SCHEMA"."TABLES" WHERE ("TABLE_SCHEMA" = 'vulcan__VULCAN_EXAMPLE' AND "TABLE_NAME" IN ('__temp_VULCAN_EXAMPLE__PYTHON_NEW_MODEL__1443832239_9segdeyu')) AND NOT "TABLE_NAME" LIKE 'SNOWPARK_TEMP_TABLE%' (base.py:2758)
2026-04-08 05:43:51,527 - ThreadPoolExecutor-16_0 - vulcan.core.engine_adapter.base - INFO - Executing SQL: /* VULCAN_RUN[vulcan-try-snowflake]: 7722816093734c988093594c4fa6cfe5 */ CREATE TEMPORARY TABLE IF NOT EXISTS "DEMO_DB"."vulcan__VULCAN_EXAMPLE"."__temp_VULCAN_EXAMPLE__PYTHON_NEW_MODEL__1443832239_9segdeyu" ("O_CUSTKEY" INT, "TOTAL_ORDERS" INT, "AVG_ORDER_VALUE" FLOAT, "TOTAL_SPENT" FLOAT, "PREDICTED_SPEND" FLOAT) (base.py:2758)
2026-04-08 05:43:52,548 - ThreadPoolExecutor-16_1 - vulcan.core.engine_adapter.base - INFO - Executing SQL: /* VULCAN_RUN[vulcan-try-snowflake]: 7722816093734c988093594c4fa6cfe5 */ SELECT CURRENT_DATABASE() (base.py:2758)
2026-04-08 05:43:52,727 - ThreadPoolExecutor-16_1 - vulcan.core.engine_adapter.base - INFO - Executing SQL: /* VULCAN_RUN[vulcan-try-snowflake]: 7722816093734c988093594c4fa6cfe5 */ SELECT CURRENT_DATABASE() (base.py:2758)
2026-04-08 05:43:52,812 - ThreadPoolExecutor-16_1 - vulcan.core.engine_adapter.base - INFO - Executing SQL: /* VULCAN_RUN[vulcan-try-snowflake]: 7722816093734c988093594c4fa6cfe5 */ SELECT DISTINCT "TABLE_CATALOG" AS "catalog", "TABLE_NAME" AS "name", "TABLE_SCHEMA" AS "schema_name", CASE WHEN "TABLE_TYPE" = 'BASE TABLE' AND "IS_DYNAMIC" = 'YES' THEN 'MANAGED_TABLE' WHEN "TABLE_TYPE" = 'BASE TABLE' THEN 'TABLE' WHEN "TABLE_TYPE" = 'TEMPORARY TABLE' THEN 'TABLE' WHEN "TABLE_TYPE" = 'LOCAL TEMPORARY' THEN 'TABLE' WHEN "TABLE_TYPE" = 'EXTERNAL TABLE' THEN 'TABLE' WHEN "TABLE_TYPE" = 'EVENT TABLE' THEN 'TABLE' WHEN "TABLE_TYPE" = 'VIEW' THEN 'VIEW' WHEN "TABLE_TYPE" = 'MATERIALIZED VIEW' THEN 'MATERIALIZED_VIEW' ELSE "TABLE_TYPE" END AS "type", "CLUSTERING_KEY" AS "clustering_key" FROM "DEMO_DB"."INFORMATION_SCHEMA"."TABLES" WHERE ("TABLE_SCHEMA" = 'vulcan__VULCAN_EXAMPLE' AND "TABLE_NAME" IN ('__temp_VULCAN_EXAMPLE__PYTHON_CHURN_MODEL__3563150728_uwxjgi9v')) AND NOT "TABLE_NAME" LIKE 'SNOWPARK_TEMP_TABLE%' (base.py:2758)
2026-04-08 05:43:53,388 - ThreadPoolExecutor-16_1 - vulcan.core.engine_adapter.base - INFO - Executing SQL: /* VULCAN_RUN[vulcan-try-snowflake]: 7722816093734c988093594c4fa6cfe5 */ CREATE TEMPORARY TABLE IF NOT EXISTS "DEMO_DB"."vulcan__VULCAN_EXAMPLE"."__temp_VULCAN_EXAMPLE__PYTHON_CHURN_MODEL__3563150728_uwxjgi9v" ("O_CUSTKEY" INT, "TOTAL_ORDERS" INT, "AVG_ORDER_VALUE" FLOAT, "TOTAL_SPENT" FLOAT, "CHURN_SCORE" FLOAT, "CHURN_SEGMENT" VARCHAR, "RUN_TS" TIMESTAMP, "MODEL_VERSION" VARCHAR) (base.py:2758)
2026-04-08 05:44:01,755 - ThreadPoolExecutor-16_0 - vulcan.core.engine_adapter.base - INFO - Executing SQL: /* VULCAN_RUN[vulcan-try-snowflake]: 7722816093734c988093594c4fa6cfe5 */ USE SCHEMA "DEMO_DB"."vulcan__VULCAN_EXAMPLE" (base.py:2758)
2026-04-08 05:44:01,833 - ThreadPoolExecutor-16_0 - vulcan.core.engine_adapter.base - INFO - Executing SQL: /* VULCAN_RUN[vulcan-try-snowflake]: 7722816093734c988093594c4fa6cfe5 */ SELECT CURRENT_DATABASE() (base.py:2758)
2026-04-08 05:44:01,908 - ThreadPoolExecutor-16_0 - vulcan.core.engine_adapter.base - INFO - Executing SQL: /* VULCAN_RUN[vulcan-try-snowflake]: 7722816093734c988093594c4fa6cfe5 */ SELECT CURRENT_DATABASE() (base.py:2758)
2026-04-08 05:44:02,025 - ThreadPoolExecutor-16_0 - vulcan.core.engine_adapter.base - INFO - Executing SQL: /* VULCAN_RUN[vulcan-try-snowflake]: 7722816093734c988093594c4fa6cfe5 */ SELECT DISTINCT "TABLE_CATALOG" AS "catalog", "TABLE_NAME" AS "name", "TABLE_SCHEMA" AS "schema_name", CASE WHEN "TABLE_TYPE" = 'BASE TABLE' AND "IS_DYNAMIC" = 'YES' THEN 'MANAGED_TABLE' WHEN "TABLE_TYPE" = 'BASE TABLE' THEN 'TABLE' WHEN "TABLE_TYPE" = 'TEMPORARY TABLE' THEN 'TABLE' WHEN "TABLE_TYPE" = 'LOCAL TEMPORARY' THEN 'TABLE' WHEN "TABLE_TYPE" = 'EXTERNAL TABLE' THEN 'TABLE' WHEN "TABLE_TYPE" = 'EVENT TABLE' THEN 'TABLE' WHEN "TABLE_TYPE" = 'VIEW' THEN 'VIEW' WHEN "TABLE_TYPE" = 'MATERIALIZED VIEW' THEN 'MATERIALIZED_VIEW' ELSE "TABLE_TYPE" END AS "type", "CLUSTERING_KEY" AS "clustering_key" FROM "DEMO_DB"."INFORMATION_SCHEMA"."TABLES" WHERE ("TABLE_SCHEMA" = 'vulcan__VULCAN_EXAMPLE' AND "TABLE_NAME" IN ('__temp_VULCAN_EXAMPLE__PYTHON_NEW_MODEL__1443832239_9segdeyu')) AND NOT "TABLE_NAME" LIKE 'SNOWPARK_TEMP_TABLE%' (base.py:2758)
2026-04-08 05:44:02,603 - ThreadPoolExecutor-16_0 - vulcan.core.engine_adapter.base - INFO - Executing SQL: /* VULCAN_RUN[vulcan-try-snowflake]: 7722816093734c988093594c4fa6cfe5 */ CREATE TEMPORARY TABLE IF NOT EXISTS "DEMO_DB"."vulcan__VULCAN_EXAMPLE"."__temp_VULCAN_EXAMPLE__PYTHON_NEW_MODEL__1443832239_9segdeyu" ("O_CUSTKEY" INT, "TOTAL_ORDERS" INT, "AVG_ORDER_VALUE" FLOAT, "TOTAL_SPENT" FLOAT, "PREDICTED_SPEND" FLOAT) (base.py:2758)
2026-04-08 05:44:03,545 - ThreadPoolExecutor-16_1 - vulcan.core.engine_adapter.base - INFO - Executing SQL: /* VULCAN_RUN[vulcan-try-snowflake]: 7722816093734c988093594c4fa6cfe5 */ USE SCHEMA "DEMO_DB"."vulcan__VULCAN_EXAMPLE" (base.py:2758)
2026-04-08 05:44:05,918 - ThreadPoolExecutor-16_1 - vulcan.core.engine_adapter.base - INFO - Executing SQL: /* VULCAN_RUN[vulcan-try-snowflake]: 7722816093734c988093594c4fa6cfe5 */ SELECT CURRENT_DATABASE() (base.py:2758)
2026-04-08 05:44:06,005 - ThreadPoolExecutor-16_1 - vulcan.core.engine_adapter.base - INFO - Executing SQL: /* VULCAN_RUN[vulcan-try-snowflake]: 7722816093734c988093594c4fa6cfe5 */ SELECT CURRENT_DATABASE() (base.py:2758)
2026-04-08 05:44:06,110 - ThreadPoolExecutor-16_1 - vulcan.core.engine_adapter.base - INFO - Executing SQL: /* VULCAN_RUN[vulcan-try-snowflake]: 7722816093734c988093594c4fa6cfe5 */ SELECT DISTINCT "TABLE_CATALOG" AS "catalog", "TABLE_NAME" AS "name", "TABLE_SCHEMA" AS "schema_name", CASE WHEN "TABLE_TYPE" = 'BASE TABLE' AND "IS_DYNAMIC" = 'YES' THEN 'MANAGED_TABLE' WHEN "TABLE_TYPE" = 'BASE TABLE' THEN 'TABLE' WHEN "TABLE_TYPE" = 'TEMPORARY TABLE' THEN 'TABLE' WHEN "TABLE_TYPE" = 'LOCAL TEMPORARY' THEN 'TABLE' WHEN "TABLE_TYPE" = 'EXTERNAL TABLE' THEN 'TABLE' WHEN "TABLE_TYPE" = 'EVENT TABLE' THEN 'TABLE' WHEN "TABLE_TYPE" = 'VIEW' THEN 'VIEW' WHEN "TABLE_TYPE" = 'MATERIALIZED VIEW' THEN 'MATERIALIZED_VIEW' ELSE "TABLE_TYPE" END AS "type", "CLUSTERING_KEY" AS "clustering_key" FROM "DEMO_DB"."INFORMATION_SCHEMA"."TABLES" WHERE ("TABLE_SCHEMA" = 'vulcan__VULCAN_EXAMPLE' AND "TABLE_NAME" IN ('__temp_VULCAN_EXAMPLE__PYTHON_CHURN_MODEL__3563150728_uwxjgi9v')) AND NOT "TABLE_NAME" LIKE 'SNOWPARK_TEMP_TABLE%' (base.py:2758)
2026-04-08 05:44:06,674 - ThreadPoolExecutor-16_1 - vulcan.core.engine_adapter.base - INFO - Executing SQL: /* VULCAN_RUN[vulcan-try-snowflake]: 7722816093734c988093594c4fa6cfe5 */ CREATE TEMPORARY TABLE IF NOT EXISTS "DEMO_DB"."vulcan__VULCAN_EXAMPLE"."__temp_VULCAN_EXAMPLE__PYTHON_CHURN_MODEL__3563150728_uwxjgi9v" ("O_CUSTKEY" INT, "TOTAL_ORDERS" INT, "AVG_ORDER_VALUE" FLOAT, "TOTAL_SPENT" FLOAT, "CHURN_SCORE" FLOAT, "CHURN_SEGMENT" VARCHAR, "RUN_TS" TIMESTAMP, "MODEL_VERSION" VARCHAR) (base.py:2758)
2026-04-08 05:44:10,168 - ThreadPoolExecutor-16_0 - vulcan.core.engine_adapter.base - INFO - Executing SQL: /* VULCAN_RUN[vulcan-try-snowflake]: 7722816093734c988093594c4fa6cfe5 */ CREATE OR REPLACE TABLE "DEMO_DB"."vulcan__VULCAN_EXAMPLE"."VULCAN_EXAMPLE__PYTHON_NEW_MODEL__1443832239" AS SELECT CAST("O_CUSTKEY" AS INT) AS "O_CUSTKEY", CAST("TOTAL_ORDERS" AS INT) AS "TOTAL_ORDERS", CAST("AVG_ORDER_VALUE" AS FLOAT) AS "AVG_ORDER_VALUE", CAST("TOTAL_SPENT" AS FLOAT) AS "TOTAL_SPENT", CAST("PREDICTED_SPEND" AS FLOAT) AS "PREDICTED_SPEND" FROM (SELECT CAST("O_CUSTKEY" AS INT) AS "O_CUSTKEY", CAST("TOTAL_ORDERS" AS INT) AS "TOTAL_ORDERS", CAST("AVG_ORDER_VALUE" AS FLOAT) AS "AVG_ORDER_VALUE", CAST("TOTAL_SPENT" AS FLOAT) AS "TOTAL_SPENT", CAST("PREDICTED_SPEND" AS FLOAT) AS "PREDICTED_SPEND" FROM "DEMO_DB"."vulcan__VULCAN_EXAMPLE"."__temp_VULCAN_EXAMPLE__PYTHON_NEW_MODEL__1443832239_9segdeyu") AS "_subquery" (base.py:2758)
2026-04-08 05:44:11,661 - ThreadPoolExecutor-16_0 - vulcan.core.engine_adapter.base - INFO - Executing SQL: /* VULCAN_RUN[vulcan-try-snowflake]: 7722816093734c988093594c4fa6cfe5 */ DROP TABLE IF EXISTS "DEMO_DB"."vulcan__VULCAN_EXAMPLE"."__temp_VULCAN_EXAMPLE__PYTHON_NEW_MODEL__1443832239_9segdeyu" (base.py:2758)
2026-04-08 05:44:11,926 - ThreadPoolExecutor-16_0 - vulcan.core.state_sync.db.facade - INFO - Adding interval (2026-04-07 00:00:00, 2026-04-08 00:00:00) for snapshot SnapshotId<"DEMO_DB"."VULCAN_EXAMPLE"."PYTHON_NEW_MODEL": 263956717> (facade.py:784)
2026-04-08 05:44:11,927 - ThreadPoolExecutor-16_0 - vulcan.core.state_sync.db.interval - INFO - Pushing intervals for snapshot SnapshotId<"DEMO_DB"."VULCAN_EXAMPLE"."PYTHON_NEW_MODEL": 263956717> (interval.py:215)
2026-04-08 05:44:11,970 - ThreadPoolExecutor-16_0 - vulcan.core.snapshot.evaluator - INFO - Evaluating snapshot SnapshotId<"DEMO_DB"."VULCAN_EXAMPLE"."PYTHON_SPCS_JOB_MODEL": 427895606> (evaluator.py:711)
2026-04-08 05:44:12,039 - ThreadPoolExecutor-16_0 - vulcan.core.snapshot.evaluator - INFO - Inserting data for snapshot SnapshotId<"DEMO_DB"."VULCAN_EXAMPLE"."PYTHON_SPCS_JOB_MODEL": 427895606> (evaluator.py:952)
2026-04-08 05:44:12,045 - ThreadPoolExecutor-16_0 - vulcan.core.engine_adapter.base - INFO - Executing SQL: /* VULCAN_RUN[vulcan-try-snowflake]: 7722816093734c988093594c4fa6cfe5 */ 
        CREATE COMPUTE POOL IF NOT EXISTS ML_POOL_LAB
        MIN_NODES = 1
        MAX_NODES = 1
        INSTANCE_FAMILY = CPU_X64_XS
        AUTO_RESUME = TRUE
        AUTO_SUSPEND_SECS = 120
     (base.py:2758)
2026-04-08 05:44:12,148 - ThreadPoolExecutor-16_0 - vulcan.core.engine_adapter.base - INFO - Executing SQL: /* VULCAN_RUN[vulcan-try-snowflake]: 7722816093734c988093594c4fa6cfe5 */ 
        EXECUTE JOB SERVICE
          IN COMPUTE POOL ML_POOL_LAB
          NAME = DEMO_DB.VULCAN_EXAMPLE.ML_JOB_20260408_054319
          ASYNC = TRUE
          QUERY_WAREHOUSE = COMPUTE_WH
          FROM SPECIFICATION $$
spec:
  containers:
    - name: ml
      image: /DEMO_DB/VULCAN_EXAMPLE/ML_REPO/my_spcs_ml:latest
      env:
        SNOWFLAKE_USER: "ANUSHKA"
        SNOWFLAKE_PASSWORD: "7j2yuwVTEWDLg99"
        SNOWFLAKE_ACCOUNT: "eiovfgv-in73126"
        SNOWFLAKE_WAREHOUSE: "COMPUTE_WH"
        SNOWFLAKE_DATABASE: "DEMO_DB"
        SNOWFLAKE_SCHEMA: "VULCAN_EXAMPLE"
$$
         (base.py:2758)
2026-04-08 05:44:13,069 - ThreadPoolExecutor-16_0 - vulcan.core.snapshot.evaluator - INFO - Inserting batch (2026-04-07 00:00:00, 2026-04-08 00:00:00) into DEMO_DB.vulcan__VULCAN_EXAMPLE.VULCAN_EXAMPLE__PYTHON_SPCS_JOB_MODEL__1808894284' (evaluator.py:984)
2026-04-08 05:44:13,090 - ThreadPoolExecutor-16_0 - vulcan.core.engine_adapter.base - INFO - Executing SQL: /* VULCAN_RUN[vulcan-try-snowflake]: 7722816093734c988093594c4fa6cfe5 */ USE SCHEMA "DEMO_DB"."vulcan__VULCAN_EXAMPLE" (base.py:2758)
2026-04-08 05:44:13,106 - ThreadPoolExecutor-16_1 - vulcan.core.engine_adapter.base - INFO - Executing SQL: /* VULCAN_RUN[vulcan-try-snowflake]: 7722816093734c988093594c4fa6cfe5 */ CREATE OR REPLACE TABLE "DEMO_DB"."vulcan__VULCAN_EXAMPLE"."VULCAN_EXAMPLE__PYTHON_CHURN_MODEL__3563150728" AS SELECT CAST("O_CUSTKEY" AS INT) AS "O_CUSTKEY", CAST("TOTAL_ORDERS" AS INT) AS "TOTAL_ORDERS", CAST("AVG_ORDER_VALUE" AS FLOAT) AS "AVG_ORDER_VALUE", CAST("TOTAL_SPENT" AS FLOAT) AS "TOTAL_SPENT", CAST("CHURN_SCORE" AS FLOAT) AS "CHURN_SCORE", CAST("CHURN_SEGMENT" AS VARCHAR) AS "CHURN_SEGMENT", CAST("RUN_TS" AS TIMESTAMP) AS "RUN_TS", CAST("MODEL_VERSION" AS VARCHAR) AS "MODEL_VERSION" FROM (SELECT CAST("O_CUSTKEY" AS INT) AS "O_CUSTKEY", CAST("TOTAL_ORDERS" AS INT) AS "TOTAL_ORDERS", CAST("AVG_ORDER_VALUE" AS FLOAT) AS "AVG_ORDER_VALUE", CAST("TOTAL_SPENT" AS FLOAT) AS "TOTAL_SPENT", CAST("CHURN_SCORE" AS FLOAT) AS "CHURN_SCORE", CAST("CHURN_SEGMENT" AS VARCHAR) AS "CHURN_SEGMENT", CAST("RUN_TS" AS TIMESTAMP) AS "RUN_TS", CAST("MODEL_VERSION" AS VARCHAR) AS "MODEL_VERSION" FROM "DEMO_DB"."vulcan__VULCAN_EXAMPLE"."__temp_VULCAN_EXAMPLE__PYTHON_CHURN_MODEL__3563150728_uwxjgi9v") AS "_subquery" (base.py:2758)
2026-04-08 05:44:13,245 - ThreadPoolExecutor-16_0 - vulcan.core.engine_adapter.base - INFO - Executing SQL: /* VULCAN_RUN[vulcan-try-snowflake]: 7722816093734c988093594c4fa6cfe5 */ SELECT CURRENT_DATABASE() (base.py:2758)
2026-04-08 05:44:13,367 - ThreadPoolExecutor-16_0 - vulcan.core.engine_adapter.base - INFO - Executing SQL: /* VULCAN_RUN[vulcan-try-snowflake]: 7722816093734c988093594c4fa6cfe5 */ SELECT CURRENT_DATABASE() (base.py:2758)
2026-04-08 05:44:13,471 - ThreadPoolExecutor-16_0 - vulcan.core.engine_adapter.base - INFO - Executing SQL: /* VULCAN_RUN[vulcan-try-snowflake]: 7722816093734c988093594c4fa6cfe5 */ SELECT DISTINCT "TABLE_CATALOG" AS "catalog", "TABLE_NAME" AS "name", "TABLE_SCHEMA" AS "schema_name", CASE WHEN "TABLE_TYPE" = 'BASE TABLE' AND "IS_DYNAMIC" = 'YES' THEN 'MANAGED_TABLE' WHEN "TABLE_TYPE" = 'BASE TABLE' THEN 'TABLE' WHEN "TABLE_TYPE" = 'TEMPORARY TABLE' THEN 'TABLE' WHEN "TABLE_TYPE" = 'LOCAL TEMPORARY' THEN 'TABLE' WHEN "TABLE_TYPE" = 'EXTERNAL TABLE' THEN 'TABLE' WHEN "TABLE_TYPE" = 'EVENT TABLE' THEN 'TABLE' WHEN "TABLE_TYPE" = 'VIEW' THEN 'VIEW' WHEN "TABLE_TYPE" = 'MATERIALIZED VIEW' THEN 'MATERIALIZED_VIEW' ELSE "TABLE_TYPE" END AS "type", "CLUSTERING_KEY" AS "clustering_key" FROM "DEMO_DB"."INFORMATION_SCHEMA"."TABLES" WHERE ("TABLE_SCHEMA" = 'vulcan__VULCAN_EXAMPLE' AND "TABLE_NAME" IN ('__temp_VULCAN_EXAMPLE__PYTHON_SPCS_JOB_MODEL__1808894284_ptgxq36t')) AND NOT "TABLE_NAME" LIKE 'SNOWPARK_TEMP_TABLE%' (base.py:2758)
2026-04-08 05:44:13,985 - ThreadPoolExecutor-16_0 - vulcan.core.engine_adapter.base - INFO - Executing SQL: /* VULCAN_RUN[vulcan-try-snowflake]: 7722816093734c988093594c4fa6cfe5 */ CREATE TEMPORARY TABLE IF NOT EXISTS "DEMO_DB"."vulcan__VULCAN_EXAMPLE"."__temp_VULCAN_EXAMPLE__PYTHON_SPCS_JOB_MODEL__1808894284_ptgxq36t" ("JOB_NAME" VARCHAR, "STATUS" VARCHAR) (base.py:2758)
2026-04-08 05:44:14,407 - ThreadPoolExecutor-16_1 - vulcan.core.engine_adapter.base - INFO - Executing SQL: /* VULCAN_RUN[vulcan-try-snowflake]: 7722816093734c988093594c4fa6cfe5 */ DROP TABLE IF EXISTS "DEMO_DB"."vulcan__VULCAN_EXAMPLE"."__temp_VULCAN_EXAMPLE__PYTHON_CHURN_MODEL__3563150728_uwxjgi9v" (base.py:2758)
2026-04-08 05:44:14,627 - ThreadPoolExecutor-16_1 - vulcan.core.state_sync.db.facade - INFO - Adding interval (2026-04-07 00:00:00, 2026-04-08 00:00:00) for snapshot SnapshotId<"DEMO_DB"."VULCAN_EXAMPLE"."PYTHON_CHURN_MODEL": 3106827286> (facade.py:784)
2026-04-08 05:44:14,627 - ThreadPoolExecutor-16_1 - vulcan.core.state_sync.db.interval - INFO - Pushing intervals for snapshot SnapshotId<"DEMO_DB"."VULCAN_EXAMPLE"."PYTHON_CHURN_MODEL": 3106827286> (interval.py:215)
2026-04-08 05:44:14,674 - ThreadPoolExecutor-16_1 - vulcan.core.snapshot.evaluator - INFO - Evaluating snapshot SnapshotId<"DEMO_DB"."VULCAN_EXAMPLE"."PYTHON_CUSTOMER_HEALTH_MODEL": 1846315232> (evaluator.py:711)
2026-04-08 05:44:14,771 - ThreadPoolExecutor-16_1 - vulcan.core.snapshot.evaluator - INFO - Inserting data for snapshot SnapshotId<"DEMO_DB"."VULCAN_EXAMPLE"."PYTHON_CUSTOMER_HEALTH_MODEL": 1846315232> (evaluator.py:952)
2026-04-08 05:44:14,777 - ThreadPoolExecutor-16_1 - vulcan.core.engine_adapter.base - INFO - Executing SQL: /* VULCAN_RUN[vulcan-try-snowflake]: 7722816093734c988093594c4fa6cfe5 */ 
        SELECT
            O_CUSTKEY,
            SPEND_TIER,
            ORDER_FREQUENCY_SEGMENT,
            TOTAL_ORDERS,
            TOTAL_SPENT,
            REVENUE_PER_ORDER
        FROM "DEMO_DB"."vulcan__SALES"."SALES__CUSTOMER_SEGMENTS__2907520004"
         (base.py:2758)
2026-04-08 05:44:15,969 - ThreadPoolExecutor-16_0 - vulcan.core.engine_adapter.base - INFO - Executing SQL: /* VULCAN_RUN[vulcan-try-snowflake]: 7722816093734c988093594c4fa6cfe5 */ USE SCHEMA "DEMO_DB"."vulcan__VULCAN_EXAMPLE" (base.py:2758)
2026-04-08 05:44:16,230 - ThreadPoolExecutor-16_0 - vulcan.core.engine_adapter.base - INFO - Executing SQL: /* VULCAN_RUN[vulcan-try-snowflake]: 7722816093734c988093594c4fa6cfe5 */ SELECT CURRENT_DATABASE() (base.py:2758)
2026-04-08 05:44:16,305 - ThreadPoolExecutor-16_0 - vulcan.core.engine_adapter.base - INFO - Executing SQL: /* VULCAN_RUN[vulcan-try-snowflake]: 7722816093734c988093594c4fa6cfe5 */ SELECT CURRENT_DATABASE() (base.py:2758)
2026-04-08 05:44:16,396 - ThreadPoolExecutor-16_0 - vulcan.core.engine_adapter.base - INFO - Executing SQL: /* VULCAN_RUN[vulcan-try-snowflake]: 7722816093734c988093594c4fa6cfe5 */ SELECT DISTINCT "TABLE_CATALOG" AS "catalog", "TABLE_NAME" AS "name", "TABLE_SCHEMA" AS "schema_name", CASE WHEN "TABLE_TYPE" = 'BASE TABLE' AND "IS_DYNAMIC" = 'YES' THEN 'MANAGED_TABLE' WHEN "TABLE_TYPE" = 'BASE TABLE' THEN 'TABLE' WHEN "TABLE_TYPE" = 'TEMPORARY TABLE' THEN 'TABLE' WHEN "TABLE_TYPE" = 'LOCAL TEMPORARY' THEN 'TABLE' WHEN "TABLE_TYPE" = 'EXTERNAL TABLE' THEN 'TABLE' WHEN "TABLE_TYPE" = 'EVENT TABLE' THEN 'TABLE' WHEN "TABLE_TYPE" = 'VIEW' THEN 'VIEW' WHEN "TABLE_TYPE" = 'MATERIALIZED VIEW' THEN 'MATERIALIZED_VIEW' ELSE "TABLE_TYPE" END AS "type", "CLUSTERING_KEY" AS "clustering_key" FROM "DEMO_DB"."INFORMATION_SCHEMA"."TABLES" WHERE ("TABLE_SCHEMA" = 'vulcan__VULCAN_EXAMPLE' AND "TABLE_NAME" IN ('__temp_VULCAN_EXAMPLE__PYTHON_SPCS_JOB_MODEL__1808894284_ptgxq36t')) AND NOT "TABLE_NAME" LIKE 'SNOWPARK_TEMP_TABLE%' (base.py:2758)
2026-04-08 05:44:17,063 - ThreadPoolExecutor-16_0 - vulcan.core.engine_adapter.base - INFO - Executing SQL: /* VULCAN_RUN[vulcan-try-snowflake]: 7722816093734c988093594c4fa6cfe5 */ CREATE TEMPORARY TABLE IF NOT EXISTS "DEMO_DB"."vulcan__VULCAN_EXAMPLE"."__temp_VULCAN_EXAMPLE__PYTHON_SPCS_JOB_MODEL__1808894284_ptgxq36t" ("JOB_NAME" VARCHAR, "STATUS" VARCHAR) (base.py:2758)
2026-04-08 05:44:17,618 - ThreadPoolExecutor-16_1 - vulcan.core.snapshot.evaluator - INFO - Inserting batch (2026-04-07 00:00:00, 2026-04-08 00:00:00) into DEMO_DB.vulcan__VULCAN_EXAMPLE.VULCAN_EXAMPLE__PYTHON_CUSTOMER_HEALTH_MODEL__3389998001' (evaluator.py:984)
2026-04-08 05:44:17,631 - ThreadPoolExecutor-16_1 - vulcan.core.engine_adapter.base - INFO - Executing SQL: /* VULCAN_RUN[vulcan-try-snowflake]: 7722816093734c988093594c4fa6cfe5 */ USE SCHEMA "DEMO_DB"."vulcan__VULCAN_EXAMPLE" (base.py:2758)
2026-04-08 05:44:19,182 - ThreadPoolExecutor-16_0 - vulcan.core.engine_adapter.base - INFO - Executing SQL: /* VULCAN_RUN[vulcan-try-snowflake]: 7722816093734c988093594c4fa6cfe5 */ CREATE OR REPLACE TABLE "DEMO_DB"."vulcan__VULCAN_EXAMPLE"."VULCAN_EXAMPLE__PYTHON_SPCS_JOB_MODEL__1808894284" AS SELECT CAST("JOB_NAME" AS VARCHAR) AS "JOB_NAME", CAST("STATUS" AS VARCHAR) AS "STATUS" FROM (SELECT CAST("JOB_NAME" AS VARCHAR) AS "JOB_NAME", CAST("STATUS" AS VARCHAR) AS "STATUS" FROM "DEMO_DB"."vulcan__VULCAN_EXAMPLE"."__temp_VULCAN_EXAMPLE__PYTHON_SPCS_JOB_MODEL__1808894284_ptgxq36t") AS "_subquery" (base.py:2758)
2026-04-08 05:44:19,695 - ThreadPoolExecutor-16_1 - vulcan.core.engine_adapter.base - INFO - Executing SQL: /* VULCAN_RUN[vulcan-try-snowflake]: 7722816093734c988093594c4fa6cfe5 */ SELECT CURRENT_DATABASE() (base.py:2758)
2026-04-08 05:44:19,762 - ThreadPoolExecutor-16_1 - vulcan.core.engine_adapter.base - INFO - Executing SQL: /* VULCAN_RUN[vulcan-try-snowflake]: 7722816093734c988093594c4fa6cfe5 */ SELECT CURRENT_DATABASE() (base.py:2758)
2026-04-08 05:44:19,857 - ThreadPoolExecutor-16_1 - vulcan.core.engine_adapter.base - INFO - Executing SQL: /* VULCAN_RUN[vulcan-try-snowflake]: 7722816093734c988093594c4fa6cfe5 */ SELECT DISTINCT "TABLE_CATALOG" AS "catalog", "TABLE_NAME" AS "name", "TABLE_SCHEMA" AS "schema_name", CASE WHEN "TABLE_TYPE" = 'BASE TABLE' AND "IS_DYNAMIC" = 'YES' THEN 'MANAGED_TABLE' WHEN "TABLE_TYPE" = 'BASE TABLE' THEN 'TABLE' WHEN "TABLE_TYPE" = 'TEMPORARY TABLE' THEN 'TABLE' WHEN "TABLE_TYPE" = 'LOCAL TEMPORARY' THEN 'TABLE' WHEN "TABLE_TYPE" = 'EXTERNAL TABLE' THEN 'TABLE' WHEN "TABLE_TYPE" = 'EVENT TABLE' THEN 'TABLE' WHEN "TABLE_TYPE" = 'VIEW' THEN 'VIEW' WHEN "TABLE_TYPE" = 'MATERIALIZED VIEW' THEN 'MATERIALIZED_VIEW' ELSE "TABLE_TYPE" END AS "type", "CLUSTERING_KEY" AS "clustering_key" FROM "DEMO_DB"."INFORMATION_SCHEMA"."TABLES" WHERE ("TABLE_SCHEMA" = 'vulcan__VULCAN_EXAMPLE' AND "TABLE_NAME" IN ('__temp_VULCAN_EXAMPLE__PYTHON_CUSTOMER_HEALTH_MODEL__3389998001_rrzcrlc5')) AND NOT "TABLE_NAME" LIKE 'SNOWPARK_TEMP_TABLE%' (base.py:2758)
2026-04-08 05:44:20,374 - ThreadPoolExecutor-16_1 - vulcan.core.engine_adapter.base - INFO - Executing SQL: /* VULCAN_RUN[vulcan-try-snowflake]: 7722816093734c988093594c4fa6cfe5 */ CREATE TEMPORARY TABLE IF NOT EXISTS "DEMO_DB"."vulcan__VULCAN_EXAMPLE"."__temp_VULCAN_EXAMPLE__PYTHON_CUSTOMER_HEALTH_MODEL__3389998001_rrzcrlc5" ("O_CUSTKEY" INT, "SPEND_TIER" VARCHAR, "ORDER_FREQUENCY_SEGMENT" VARCHAR, "TOTAL_ORDERS" INT, "TOTAL_SPENT" FLOAT, "REVENUE_PER_ORDER" FLOAT, "HEALTH_SCORE" FLOAT, "HEALTH_STATUS" VARCHAR, "MODEL_VERSION" VARCHAR, "RUN_TS" TIMESTAMP) (base.py:2758)
2026-04-08 05:44:20,415 - ThreadPoolExecutor-16_0 - vulcan.core.engine_adapter.base - INFO - Executing SQL: /* VULCAN_RUN[vulcan-try-snowflake]: 7722816093734c988093594c4fa6cfe5 */ DROP TABLE IF EXISTS "DEMO_DB"."vulcan__VULCAN_EXAMPLE"."__temp_VULCAN_EXAMPLE__PYTHON_SPCS_JOB_MODEL__1808894284_ptgxq36t" (base.py:2758)
2026-04-08 05:44:21,344 - ThreadPoolExecutor-16_0 - vulcan.core.state_sync.db.facade - INFO - Adding interval (2026-04-07 00:00:00, 2026-04-08 00:00:00) for snapshot SnapshotId<"DEMO_DB"."VULCAN_EXAMPLE"."PYTHON_SPCS_JOB_MODEL": 427895606> (facade.py:784)
2026-04-08 05:44:21,344 - ThreadPoolExecutor-16_0 - vulcan.core.state_sync.db.interval - INFO - Pushing intervals for snapshot SnapshotId<"DEMO_DB"."VULCAN_EXAMPLE"."PYTHON_SPCS_JOB_MODEL": 427895606> (interval.py:215)
2026-04-08 05:44:21,444 - ThreadPoolExecutor-16_0 - vulcan.core.snapshot.evaluator - INFO - Evaluating snapshot SnapshotId<"DEMO_DB"."VULCAN_EXAMPLE"."PYTHON_CUSTOMER_SEGMENT_SUMMARY": 529563880> (evaluator.py:711)
2026-04-08 05:44:21,532 - ThreadPoolExecutor-16_0 - vulcan.core.snapshot.evaluator - INFO - Inserting data for snapshot SnapshotId<"DEMO_DB"."VULCAN_EXAMPLE"."PYTHON_CUSTOMER_SEGMENT_SUMMARY": 529563880> (evaluator.py:952)
2026-04-08 05:44:21,538 - ThreadPoolExecutor-16_0 - vulcan.core.engine_adapter.base - INFO - Executing SQL: /* VULCAN_RUN[vulcan-try-snowflake]: 7722816093734c988093594c4fa6cfe5 */ 
        SELECT
            SPEND_TIER,
            ORDER_FREQUENCY_SEGMENT,
            TOTAL_ORDERS,
            TOTAL_SPENT,
            REVENUE_PER_ORDER
        FROM "DEMO_DB"."vulcan__SALES"."SALES__CUSTOMER_SEGMENTS__2907520004"
         (base.py:2758)
2026-04-08 05:44:23,170 - ThreadPoolExecutor-16_0 - vulcan.core.snapshot.evaluator - INFO - Inserting batch (2026-04-07 00:00:00, 2026-04-08 00:00:00) into DEMO_DB.vulcan__VULCAN_EXAMPLE.VULCAN_EXAMPLE__PYTHON_CUSTOMER_SEGMENT_SUMMARY__3504832722' (evaluator.py:984)
2026-04-08 05:44:23,179 - ThreadPoolExecutor-16_0 - vulcan.core.engine_adapter.base - INFO - Executing SQL: /* VULCAN_RUN[vulcan-try-snowflake]: 7722816093734c988093594c4fa6cfe5 */ USE SCHEMA "DEMO_DB"."vulcan__VULCAN_EXAMPLE" (base.py:2758)
2026-04-08 05:44:23,261 - ThreadPoolExecutor-16_0 - vulcan.core.engine_adapter.base - INFO - Executing SQL: /* VULCAN_RUN[vulcan-try-snowflake]: 7722816093734c988093594c4fa6cfe5 */ SELECT CURRENT_DATABASE() (base.py:2758)
2026-04-08 05:44:23,323 - ThreadPoolExecutor-16_0 - vulcan.core.engine_adapter.base - INFO - Executing SQL: /* VULCAN_RUN[vulcan-try-snowflake]: 7722816093734c988093594c4fa6cfe5 */ SELECT CURRENT_DATABASE() (base.py:2758)
2026-04-08 05:44:23,415 - ThreadPoolExecutor-16_0 - vulcan.core.engine_adapter.base - INFO - Executing SQL: /* VULCAN_RUN[vulcan-try-snowflake]: 7722816093734c988093594c4fa6cfe5 */ SELECT DISTINCT "TABLE_CATALOG" AS "catalog", "TABLE_NAME" AS "name", "TABLE_SCHEMA" AS "schema_name", CASE WHEN "TABLE_TYPE" = 'BASE TABLE' AND "IS_DYNAMIC" = 'YES' THEN 'MANAGED_TABLE' WHEN "TABLE_TYPE" = 'BASE TABLE' THEN 'TABLE' WHEN "TABLE_TYPE" = 'TEMPORARY TABLE' THEN 'TABLE' WHEN "TABLE_TYPE" = 'LOCAL TEMPORARY' THEN 'TABLE' WHEN "TABLE_TYPE" = 'EXTERNAL TABLE' THEN 'TABLE' WHEN "TABLE_TYPE" = 'EVENT TABLE' THEN 'TABLE' WHEN "TABLE_TYPE" = 'VIEW' THEN 'VIEW' WHEN "TABLE_TYPE" = 'MATERIALIZED VIEW' THEN 'MATERIALIZED_VIEW' ELSE "TABLE_TYPE" END AS "type", "CLUSTERING_KEY" AS "clustering_key" FROM "DEMO_DB"."INFORMATION_SCHEMA"."TABLES" WHERE ("TABLE_SCHEMA" = 'vulcan__VULCAN_EXAMPLE' AND "TABLE_NAME" IN ('__temp_VULCAN_EXAMPLE__PYTHON_CUSTOMER_SEGMENT_SUMMARY__3504832722_w8bzcp96')) AND NOT "TABLE_NAME" LIKE 'SNOWPARK_TEMP_TABLE%' (base.py:2758)
2026-04-08 05:44:24,176 - ThreadPoolExecutor-16_0 - vulcan.core.engine_adapter.base - INFO - Executing SQL: /* VULCAN_RUN[vulcan-try-snowflake]: 7722816093734c988093594c4fa6cfe5 */ CREATE TEMPORARY TABLE IF NOT EXISTS "DEMO_DB"."vulcan__VULCAN_EXAMPLE"."__temp_VULCAN_EXAMPLE__PYTHON_CUSTOMER_SEGMENT_SUMMARY__3504832722_w8bzcp96" ("SPEND_TIER" VARCHAR, "ORDER_FREQUENCY_SEGMENT" VARCHAR, "CUSTOMER_COUNT" INT, "TOTAL_ORDERS" INT, "TOTAL_SPENT" FLOAT, "AVG_REVENUE_PER_ORDER" FLOAT, "SEGMENT_SHARE" FLOAT, "MODEL_VERSION" VARCHAR, "RUN_TS" TIMESTAMP) (base.py:2758)
2026-04-08 05:44:26,266 - ThreadPoolExecutor-16_0 - vulcan.core.engine_adapter.base - INFO - Executing SQL: /* VULCAN_RUN[vulcan-try-snowflake]: 7722816093734c988093594c4fa6cfe5 */ USE SCHEMA "DEMO_DB"."vulcan__VULCAN_EXAMPLE" (base.py:2758)
2026-04-08 05:44:26,357 - ThreadPoolExecutor-16_0 - vulcan.core.engine_adapter.base - INFO - Executing SQL: /* VULCAN_RUN[vulcan-try-snowflake]: 7722816093734c988093594c4fa6cfe5 */ SELECT CURRENT_DATABASE() (base.py:2758)
2026-04-08 05:44:26,447 - ThreadPoolExecutor-16_0 - vulcan.core.engine_adapter.base - INFO - Executing SQL: /* VULCAN_RUN[vulcan-try-snowflake]: 7722816093734c988093594c4fa6cfe5 */ SELECT CURRENT_DATABASE() (base.py:2758)
2026-04-08 05:44:26,541 - ThreadPoolExecutor-16_0 - vulcan.core.engine_adapter.base - INFO - Executing SQL: /* VULCAN_RUN[vulcan-try-snowflake]: 7722816093734c988093594c4fa6cfe5 */ SELECT DISTINCT "TABLE_CATALOG" AS "catalog", "TABLE_NAME" AS "name", "TABLE_SCHEMA" AS "schema_name", CASE WHEN "TABLE_TYPE" = 'BASE TABLE' AND "IS_DYNAMIC" = 'YES' THEN 'MANAGED_TABLE' WHEN "TABLE_TYPE" = 'BASE TABLE' THEN 'TABLE' WHEN "TABLE_TYPE" = 'TEMPORARY TABLE' THEN 'TABLE' WHEN "TABLE_TYPE" = 'LOCAL TEMPORARY' THEN 'TABLE' WHEN "TABLE_TYPE" = 'EXTERNAL TABLE' THEN 'TABLE' WHEN "TABLE_TYPE" = 'EVENT TABLE' THEN 'TABLE' WHEN "TABLE_TYPE" = 'VIEW' THEN 'VIEW' WHEN "TABLE_TYPE" = 'MATERIALIZED VIEW' THEN 'MATERIALIZED_VIEW' ELSE "TABLE_TYPE" END AS "type", "CLUSTERING_KEY" AS "clustering_key" FROM "DEMO_DB"."INFORMATION_SCHEMA"."TABLES" WHERE ("TABLE_SCHEMA" = 'vulcan__VULCAN_EXAMPLE' AND "TABLE_NAME" IN ('__temp_VULCAN_EXAMPLE__PYTHON_CUSTOMER_SEGMENT_SUMMARY__3504832722_w8bzcp96')) AND NOT "TABLE_NAME" LIKE 'SNOWPARK_TEMP_TABLE%' (base.py:2758)
2026-04-08 05:44:27,115 - ThreadPoolExecutor-16_0 - vulcan.core.engine_adapter.base - INFO - Executing SQL: /* VULCAN_RUN[vulcan-try-snowflake]: 7722816093734c988093594c4fa6cfe5 */ CREATE TEMPORARY TABLE IF NOT EXISTS "DEMO_DB"."vulcan__VULCAN_EXAMPLE"."__temp_VULCAN_EXAMPLE__PYTHON_CUSTOMER_SEGMENT_SUMMARY__3504832722_w8bzcp96" ("SPEND_TIER" VARCHAR, "ORDER_FREQUENCY_SEGMENT" VARCHAR, "CUSTOMER_COUNT" INT, "TOTAL_ORDERS" INT, "TOTAL_SPENT" FLOAT, "AVG_REVENUE_PER_ORDER" FLOAT, "SEGMENT_SHARE" FLOAT, "MODEL_VERSION" VARCHAR, "RUN_TS" TIMESTAMP) (base.py:2758)
2026-04-08 05:44:28,033 - ThreadPoolExecutor-16_1 - vulcan.core.engine_adapter.base - INFO - Executing SQL: /* VULCAN_RUN[vulcan-try-snowflake]: 7722816093734c988093594c4fa6cfe5 */ USE SCHEMA "DEMO_DB"."vulcan__VULCAN_EXAMPLE" (base.py:2758)
2026-04-08 05:44:29,147 - ThreadPoolExecutor-16_0 - vulcan.core.engine_adapter.base - INFO - Executing SQL: /* VULCAN_RUN[vulcan-try-snowflake]: 7722816093734c988093594c4fa6cfe5 */ CREATE OR REPLACE TABLE "DEMO_DB"."vulcan__VULCAN_EXAMPLE"."VULCAN_EXAMPLE__PYTHON_CUSTOMER_SEGMENT_SUMMARY__3504832722" AS SELECT CAST("SPEND_TIER" AS VARCHAR) AS "SPEND_TIER", CAST("ORDER_FREQUENCY_SEGMENT" AS VARCHAR) AS "ORDER_FREQUENCY_SEGMENT", CAST("CUSTOMER_COUNT" AS INT) AS "CUSTOMER_COUNT", CAST("TOTAL_ORDERS" AS INT) AS "TOTAL_ORDERS", CAST("TOTAL_SPENT" AS FLOAT) AS "TOTAL_SPENT", CAST("AVG_REVENUE_PER_ORDER" AS FLOAT) AS "AVG_REVENUE_PER_ORDER", CAST("SEGMENT_SHARE" AS FLOAT) AS "SEGMENT_SHARE", CAST("MODEL_VERSION" AS VARCHAR) AS "MODEL_VERSION", CAST("RUN_TS" AS TIMESTAMP) AS "RUN_TS" FROM (SELECT CAST("SPEND_TIER" AS VARCHAR) AS "SPEND_TIER", CAST("ORDER_FREQUENCY_SEGMENT" AS VARCHAR) AS "ORDER_FREQUENCY_SEGMENT", CAST("CUSTOMER_COUNT" AS INT) AS "CUSTOMER_COUNT", CAST("TOTAL_ORDERS" AS INT) AS "TOTAL_ORDERS", CAST("TOTAL_SPENT" AS FLOAT) AS "TOTAL_SPENT", CAST("AVG_REVENUE_PER_ORDER" AS FLOAT) AS "AVG_REVENUE_PER_ORDER", CAST("SEGMENT_SHARE" AS FLOAT) AS "SEGMENT_SHARE", CAST("MODEL_VERSION" AS VARCHAR) AS "MODEL_VERSION", CAST("RUN_TS" AS TIMESTAMP) AS "RUN_TS" FROM "DEMO_DB"."vulcan__VULCAN_EXAMPLE"."__temp_VULCAN_EXAMPLE__PYTHON_CUSTOMER_SEGMENT_SUMMARY__3504832722_w8bzcp96") AS "_subquery" (base.py:2758)
2026-04-08 05:44:30,053 - ThreadPoolExecutor-16_1 - vulcan.core.engine_adapter.base - INFO - Executing SQL: /* VULCAN_RUN[vulcan-try-snowflake]: 7722816093734c988093594c4fa6cfe5 */ SELECT CURRENT_DATABASE() (base.py:2758)
2026-04-08 05:44:30,150 - ThreadPoolExecutor-16_1 - vulcan.core.engine_adapter.base - INFO - Executing SQL: /* VULCAN_RUN[vulcan-try-snowflake]: 7722816093734c988093594c4fa6cfe5 */ SELECT CURRENT_DATABASE() (base.py:2758)
2026-04-08 05:44:30,184 - ThreadPoolExecutor-16_0 - vulcan.core.engine_adapter.base - INFO - Executing SQL: /* VULCAN_RUN[vulcan-try-snowflake]: 7722816093734c988093594c4fa6cfe5 */ DROP TABLE IF EXISTS "DEMO_DB"."vulcan__VULCAN_EXAMPLE"."__temp_VULCAN_EXAMPLE__PYTHON_CUSTOMER_SEGMENT_SUMMARY__3504832722_w8bzcp96" (base.py:2758)
2026-04-08 05:44:30,226 - ThreadPoolExecutor-16_1 - vulcan.core.engine_adapter.base - INFO - Executing SQL: /* VULCAN_RUN[vulcan-try-snowflake]: 7722816093734c988093594c4fa6cfe5 */ SELECT DISTINCT "TABLE_CATALOG" AS "catalog", "TABLE_NAME" AS "name", "TABLE_SCHEMA" AS "schema_name", CASE WHEN "TABLE_TYPE" = 'BASE TABLE' AND "IS_DYNAMIC" = 'YES' THEN 'MANAGED_TABLE' WHEN "TABLE_TYPE" = 'BASE TABLE' THEN 'TABLE' WHEN "TABLE_TYPE" = 'TEMPORARY TABLE' THEN 'TABLE' WHEN "TABLE_TYPE" = 'LOCAL TEMPORARY' THEN 'TABLE' WHEN "TABLE_TYPE" = 'EXTERNAL TABLE' THEN 'TABLE' WHEN "TABLE_TYPE" = 'EVENT TABLE' THEN 'TABLE' WHEN "TABLE_TYPE" = 'VIEW' THEN 'VIEW' WHEN "TABLE_TYPE" = 'MATERIALIZED VIEW' THEN 'MATERIALIZED_VIEW' ELSE "TABLE_TYPE" END AS "type", "CLUSTERING_KEY" AS "clustering_key" FROM "DEMO_DB"."INFORMATION_SCHEMA"."TABLES" WHERE ("TABLE_SCHEMA" = 'vulcan__VULCAN_EXAMPLE' AND "TABLE_NAME" IN ('__temp_VULCAN_EXAMPLE__PYTHON_CUSTOMER_HEALTH_MODEL__3389998001_rrzcrlc5')) AND NOT "TABLE_NAME" LIKE 'SNOWPARK_TEMP_TABLE%' (base.py:2758)
2026-04-08 05:44:30,488 - ThreadPoolExecutor-16_0 - vulcan.core.state_sync.db.facade - INFO - Adding interval (2026-04-07 00:00:00, 2026-04-08 00:00:00) for snapshot SnapshotId<"DEMO_DB"."VULCAN_EXAMPLE"."PYTHON_CUSTOMER_SEGMENT_SUMMARY": 529563880> (facade.py:784)
2026-04-08 05:44:30,488 - ThreadPoolExecutor-16_0 - vulcan.core.state_sync.db.interval - INFO - Pushing intervals for snapshot SnapshotId<"DEMO_DB"."VULCAN_EXAMPLE"."PYTHON_CUSTOMER_SEGMENT_SUMMARY": 529563880> (interval.py:215)
2026-04-08 05:44:30,908 - ThreadPoolExecutor-16_1 - vulcan.core.engine_adapter.base - INFO - Executing SQL: /* VULCAN_RUN[vulcan-try-snowflake]: 7722816093734c988093594c4fa6cfe5 */ CREATE TEMPORARY TABLE IF NOT EXISTS "DEMO_DB"."vulcan__VULCAN_EXAMPLE"."__temp_VULCAN_EXAMPLE__PYTHON_CUSTOMER_HEALTH_MODEL__3389998001_rrzcrlc5" ("O_CUSTKEY" INT, "SPEND_TIER" VARCHAR, "ORDER_FREQUENCY_SEGMENT" VARCHAR, "TOTAL_ORDERS" INT, "TOTAL_SPENT" FLOAT, "REVENUE_PER_ORDER" FLOAT, "HEALTH_SCORE" FLOAT, "HEALTH_STATUS" VARCHAR, "MODEL_VERSION" VARCHAR, "RUN_TS" TIMESTAMP) (base.py:2758)
2026-04-08 05:44:37,371 - ThreadPoolExecutor-16_1 - vulcan.core.engine_adapter.base - INFO - Executing SQL: /* VULCAN_RUN[vulcan-try-snowflake]: 7722816093734c988093594c4fa6cfe5 */ CREATE OR REPLACE TABLE "DEMO_DB"."vulcan__VULCAN_EXAMPLE"."VULCAN_EXAMPLE__PYTHON_CUSTOMER_HEALTH_MODEL__3389998001" AS SELECT CAST("O_CUSTKEY" AS INT) AS "O_CUSTKEY", CAST("SPEND_TIER" AS VARCHAR) AS "SPEND_TIER", CAST("ORDER_FREQUENCY_SEGMENT" AS VARCHAR) AS "ORDER_FREQUENCY_SEGMENT", CAST("TOTAL_ORDERS" AS INT) AS "TOTAL_ORDERS", CAST("TOTAL_SPENT" AS FLOAT) AS "TOTAL_SPENT", CAST("REVENUE_PER_ORDER" AS FLOAT) AS "REVENUE_PER_ORDER", CAST("HEALTH_SCORE" AS FLOAT) AS "HEALTH_SCORE", CAST("HEALTH_STATUS" AS VARCHAR) AS "HEALTH_STATUS", CAST("MODEL_VERSION" AS VARCHAR) AS "MODEL_VERSION", CAST("RUN_TS" AS TIMESTAMP) AS "RUN_TS" FROM (SELECT CAST("O_CUSTKEY" AS INT) AS "O_CUSTKEY", CAST("SPEND_TIER" AS VARCHAR) AS "SPEND_TIER", CAST("ORDER_FREQUENCY_SEGMENT" AS VARCHAR) AS "ORDER_FREQUENCY_SEGMENT", CAST("TOTAL_ORDERS" AS INT) AS "TOTAL_ORDERS", CAST("TOTAL_SPENT" AS FLOAT) AS "TOTAL_SPENT", CAST("REVENUE_PER_ORDER" AS FLOAT) AS "REVENUE_PER_ORDER", CAST("HEALTH_SCORE" AS FLOAT) AS "HEALTH_SCORE", CAST("HEALTH_STATUS" AS VARCHAR) AS "HEALTH_STATUS", CAST("MODEL_VERSION" AS VARCHAR) AS "MODEL_VERSION", CAST("RUN_TS" AS TIMESTAMP) AS "RUN_TS" FROM "DEMO_DB"."vulcan__VULCAN_EXAMPLE"."__temp_VULCAN_EXAMPLE__PYTHON_CUSTOMER_HEALTH_MODEL__3389998001_rrzcrlc5") AS "_subquery" (base.py:2758)
2026-04-08 05:44:38,868 - ThreadPoolExecutor-16_1 - vulcan.core.engine_adapter.base - INFO - Executing SQL: /* VULCAN_RUN[vulcan-try-snowflake]: 7722816093734c988093594c4fa6cfe5 */ DROP TABLE IF EXISTS "DEMO_DB"."vulcan__VULCAN_EXAMPLE"."__temp_VULCAN_EXAMPLE__PYTHON_CUSTOMER_HEALTH_MODEL__3389998001_rrzcrlc5" (base.py:2758)
2026-04-08 05:44:39,352 - ThreadPoolExecutor-16_1 - vulcan.core.state_sync.db.facade - INFO - Adding interval (2026-04-07 00:00:00, 2026-04-08 00:00:00) for snapshot SnapshotId<"DEMO_DB"."VULCAN_EXAMPLE"."PYTHON_CUSTOMER_HEALTH_MODEL": 1846315232> (facade.py:784)
2026-04-08 05:44:39,352 - ThreadPoolExecutor-16_1 - vulcan.core.state_sync.db.interval - INFO - Pushing intervals for snapshot SnapshotId<"DEMO_DB"."VULCAN_EXAMPLE"."PYTHON_CUSTOMER_HEALTH_MODEL": 1846315232> (interval.py:215)
2026-04-08 05:44:39,411 - MainThread - snowflake.connector.connection - INFO - closed (connection.py:810)
2026-04-08 05:44:39,456 - MainThread - snowflake.connector.connection - INFO - No async queries seem to be running, deleting session (connection.py:816)
2026-04-08 05:44:39,519 - MainThread - snowflake.connector.connection - INFO - closed (connection.py:810)
2026-04-08 05:44:39,592 - MainThread - snowflake.connector.connection - INFO - No async queries seem to be running, deleting session (connection.py:816)
2026-04-08 05:44:39,712 - MainThread - vulcan.core.state_sync.db.activity - INFO - Expiring query fingerprint entries for 11 model(s): ['mart.fct_events', 'raw.raw_orders', 'sales.daily_events', 'staging.stg_orders', 'mart.features', 'sales.customer_segments', 'vulcan_example.python_churn_model', 'vulcan_example.python_new_model', 'vulcan_example.python_spcs_job_model', 'vulcan_example.python_customer_health_model', 'vulcan_example.python_customer_segment_summary'] (run_id=7722816093734c988093594c4fa6cfe5) (activity.py:365)
2026-04-08 05:44:39,724 - MainThread - vulcan.core.state_sync.db.activity - INFO - Expired 0 query fingerprint entries  (run_id=7722816093734c988093594c4fa6cfe5) (activity.py:428)
2026-04-08 05:44:39,733 - MainThread - vulcan.core.context - INFO - Recorded run activity for 11 models (context.py:2241)
2026-04-08 05:44:40,366 - MainThread - vulcan.core.check.executor - INFO - Running quality scans in 2 batch(es): {('DEMO_DB', 'SALES'), ('DEMO_DB', 'STAGING')} (executor.py:532)
2026-04-08 05:44:40,367 - MainThread - vulcan.core.check.executor - INFO - Running quality batch 1/2 for DEMO_DB.SALES (4 check suites, 0 profile models) (executor.py:551)
2026-04-08 05:44:40,665 - MainThread - snowflake.connector.connection - INFO - Snowflake Connector for Python Version: 3.14.0, Python Version: 3.10.20, Platform: Linux-6.17.0-19-generic-x86_64-with-glibc2.41 (connection.py:423)
2026-04-08 05:44:40,669 - MainThread - snowflake.connector.connection - INFO - Connecting to GLOBAL Snowflake domain (connection.py:1226)
2026-04-08 05:44:40,669 - MainThread - snowflake.connector.connection - INFO - This connection is in OCSP Fail Open Mode. TLS Certificates would be checked for validity and revocation status. Any other Certificate Revocation related exceptions or OCSP Responder failures would be disregarded in favor of connectivity. (connection.py:1315)
2026-04-08 05:44:43,014 - MainThread - vulcan.core.check.soda_statesync - INFO - Extracted 3 failed row sample(s) from scan context (soda_statesync.py:160)
2026-04-08 05:44:43,161 - MainThread - vulcan.core.state_sync.db.quality - INFO - Stored check scan 794a9ed6-7b6c-42e3-88e9-a0e554274549, run 7722816093734c988093594c4fa6cfe5: 7 checks, 7 metrics, 0 profile metrics (quality.py:241)
2026-04-08 05:44:43,256 - MainThread - vulcan.core.check.executor - INFO - Running quality batch 2/2 for DEMO_DB.STAGING (2 check suites, 0 profile models) (executor.py:551)
2026-04-08 05:44:43,306 - MainThread - snowflake.connector.connection - INFO - Snowflake Connector for Python Version: 3.14.0, Python Version: 3.10.20, Platform: Linux-6.17.0-19-generic-x86_64-with-glibc2.41 (connection.py:423)
2026-04-08 05:44:43,307 - MainThread - snowflake.connector.connection - INFO - Connecting to GLOBAL Snowflake domain (connection.py:1226)
2026-04-08 05:44:43,307 - MainThread - snowflake.connector.connection - INFO - This connection is in OCSP Fail Open Mode. TLS Certificates would be checked for validity and revocation status. Any other Certificate Revocation related exceptions or OCSP Responder failures would be disregarded in favor of connectivity. (connection.py:1315)
2026-04-08 05:44:45,110 - MainThread - matplotlib.font_manager - INFO - generated new fontManager (font_manager.py:1639)
2026-04-08 05:44:46,207 - MainThread - prophet.plot - ERROR - Importing plotly failed. Interactive plots will not work. (plot.py:40)
2026-04-08 05:44:46,258 - MainThread - soda.scan - WARNING - [05:44:46] Anomaly Detection Insufficient Training Data Warning: The model requires a minimum of 5 historical measurements for accurate predictions, but currently has only 1 check results available. (log.py:101)
2026-04-08 05:44:46,272 - MainThread - vulcan.core.check.soda_statesync - INFO - Extracted 0 failed row sample(s) from scan context (soda_statesync.py:160)
2026-04-08 05:44:46,356 - MainThread - vulcan.core.state_sync.db.quality - INFO - Stored check scan 411bf505-106c-40ba-862b-dd043f62cda2, run 7722816093734c988093594c4fa6cfe5: 3 checks, 2 metrics, 0 profile metrics (quality.py:241)
2026-04-08 05:44:46,402 - MainThread - snowflake.connector.connection - INFO - closed (connection.py:810)
2026-04-08 05:44:46,403 - MainThread - snowflake.connector.connection - INFO - No async queries seem to be running, deleting session (connection.py:816)
2026-04-08 05:44:46,470 - MainThread - snowflake.connector.connection - INFO - closed (connection.py:810)
2026-04-08 05:44:46,471 - MainThread - snowflake.connector.connection - INFO - No async queries seem to be running, deleting session (connection.py:816)
