2026-04-08 05:51:33,150 - MainThread - vulcan.core.state_sync.common - INFO - Cleaned up 0 expired snapshots (janitor.py:181)
2026-04-08 05:51:33,172 - MainThread - vulcan.core.state_sync.db.interval - INFO - Compacting 22 intervals for 11 snapshots (interval.py:130)
2026-04-08 05:51:33,173 - MainThread - vulcan.core.state_sync.db.interval - INFO - Pushing intervals for snapshot SnapshotId<"DEMO_DB"."MART"."FCT_EVENTS": 2958773952> (interval.py:215)
2026-04-08 05:51:33,174 - MainThread - vulcan.core.state_sync.db.interval - INFO - Pushing intervals for snapshot SnapshotId<"DEMO_DB"."MART"."FEATURES": 943139821> (interval.py:215)
2026-04-08 05:51:33,174 - MainThread - vulcan.core.state_sync.db.interval - INFO - Pushing intervals for snapshot SnapshotId<"DEMO_DB"."RAW"."RAW_ORDERS": 871268637> (interval.py:215)
2026-04-08 05:51:33,175 - MainThread - vulcan.core.state_sync.db.interval - INFO - Pushing intervals for snapshot SnapshotId<"DEMO_DB"."SALES"."CUSTOMER_SEGMENTS": 2934342566> (interval.py:215)
2026-04-08 05:51:33,175 - MainThread - vulcan.core.state_sync.db.interval - INFO - Pushing intervals for snapshot SnapshotId<"DEMO_DB"."SALES"."DAILY_EVENTS": 3249090494> (interval.py:215)
2026-04-08 05:51:33,176 - MainThread - vulcan.core.state_sync.db.interval - INFO - Pushing intervals for snapshot SnapshotId<"DEMO_DB"."STAGING"."STG_ORDERS": 2273608243> (interval.py:215)
2026-04-08 05:51:33,176 - MainThread - vulcan.core.state_sync.db.interval - INFO - Pushing intervals for snapshot SnapshotId<"DEMO_DB"."VULCAN_EXAMPLE"."PYTHON_CHURN_MODEL": 3106827286> (interval.py:215)
2026-04-08 05:51:33,177 - MainThread - vulcan.core.state_sync.db.interval - INFO - Pushing intervals for snapshot SnapshotId<"DEMO_DB"."VULCAN_EXAMPLE"."PYTHON_CUSTOMER_HEALTH_MODEL": 1846315232> (interval.py:215)
2026-04-08 05:51:33,177 - MainThread - vulcan.core.state_sync.db.interval - INFO - Pushing intervals for snapshot SnapshotId<"DEMO_DB"."VULCAN_EXAMPLE"."PYTHON_CUSTOMER_SEGMENT_SUMMARY": 529563880> (interval.py:215)
2026-04-08 05:51:33,178 - MainThread - vulcan.core.state_sync.db.interval - INFO - Pushing intervals for snapshot SnapshotId<"DEMO_DB"."VULCAN_EXAMPLE"."PYTHON_NEW_MODEL": 263956717> (interval.py:215)
2026-04-08 05:51:33,178 - MainThread - vulcan.core.state_sync.db.interval - INFO - Pushing intervals for snapshot SnapshotId<"DEMO_DB"."VULCAN_EXAMPLE"."PYTHON_SPCS_JOB_MODEL": 427895606> (interval.py:215)
2026-04-08 05:51:33,755 - ThreadPoolExecutor-0_0 - vulcan.core.snapshot.evaluator - INFO - Listing data objects in schema DEMO_DB.vulcan__SALES (evaluator.py:1616)
2026-04-08 05:51:33,757 - ThreadPoolExecutor-0_0 - snowflake.connector.connection - INFO - Snowflake Connector for Python Version: 3.14.0, Python Version: 3.10.20, Platform: Linux-6.17.0-19-generic-x86_64-with-glibc2.41 (connection.py:423)
2026-04-08 05:51:33,758 - ThreadPoolExecutor-0_0 - snowflake.connector.connection - INFO - Connecting to GLOBAL Snowflake domain (connection.py:1226)
2026-04-08 05:51:33,759 - ThreadPoolExecutor-0_0 - snowflake.connector.connection - INFO - This connection is in OCSP Fail Open Mode. TLS Certificates would be checked for validity and revocation status. Any other Certificate Revocation related exceptions or OCSP Responder failures would be disregarded in favor of connectivity. (connection.py:1315)
2026-04-08 05:51:37,128 - ThreadPoolExecutor-0_0 - vulcan.core.engine_adapter.base - INFO - Executing SQL: /* VULCAN_RUN[vulcan-try-snowflake]: 18643f14e7e84021a155bc216a0f6590 */ SELECT CURRENT_DATABASE() (base.py:2758)
2026-04-08 05:51:37,435 - ThreadPoolExecutor-0_0 - vulcan.core.engine_adapter.base - INFO - Executing SQL: /* VULCAN_RUN[vulcan-try-snowflake]: 18643f14e7e84021a155bc216a0f6590 */ SELECT CURRENT_DATABASE() (base.py:2758)
2026-04-08 05:51:37,651 - ThreadPoolExecutor-0_0 - vulcan.core.engine_adapter.base - INFO - Executing SQL: /* VULCAN_RUN[vulcan-try-snowflake]: 18643f14e7e84021a155bc216a0f6590 */ SELECT DISTINCT "TABLE_CATALOG" AS "catalog", "TABLE_NAME" AS "name", "TABLE_SCHEMA" AS "schema_name", CASE WHEN "TABLE_TYPE" = 'BASE TABLE' AND "IS_DYNAMIC" = 'YES' THEN 'MANAGED_TABLE' WHEN "TABLE_TYPE" = 'BASE TABLE' THEN 'TABLE' WHEN "TABLE_TYPE" = 'TEMPORARY TABLE' THEN 'TABLE' WHEN "TABLE_TYPE" = 'LOCAL TEMPORARY' THEN 'TABLE' WHEN "TABLE_TYPE" = 'EXTERNAL TABLE' THEN 'TABLE' WHEN "TABLE_TYPE" = 'EVENT TABLE' THEN 'TABLE' WHEN "TABLE_TYPE" = 'VIEW' THEN 'VIEW' WHEN "TABLE_TYPE" = 'MATERIALIZED VIEW' THEN 'MATERIALIZED_VIEW' ELSE "TABLE_TYPE" END AS "type", "CLUSTERING_KEY" AS "clustering_key" FROM "DEMO_DB"."INFORMATION_SCHEMA"."TABLES" WHERE ("TABLE_SCHEMA" = 'vulcan__SALES' AND "TABLE_NAME" IN ('SALES__CUSTOMER_DAILY_METRICS__3545058217')) AND NOT "TABLE_NAME" LIKE 'SNOWPARK_TEMP_TABLE%' (base.py:2758)
2026-04-08 05:51:39,083 - MainThread - snowflake.connector.connection - INFO - closed (connection.py:810)
2026-04-08 05:51:39,136 - MainThread - snowflake.connector.connection - INFO - No async queries seem to be running, deleting session (connection.py:816)
2026-04-08 05:51:39,209 - MainThread - vulcan.core.context - INFO - No models executed successfully in run '18643f14e7e84021a155bc216a0f6590'. Skipping data quality checks. (context.py:2302)
